parameter file: u01_wecare_only_480_226k_eigenstrat_2ev_outliers.par
### THE INPUT PARAMETERS
##PARAMETER NAME: VALUE
genotypename: /scratch/medgen/scripts/wecare_stat_01.17/interim_data/wecare_only_480_226k.geno
snpname: /scratch/medgen/scripts/wecare_stat_01.17/interim_data/wecare_only_480_226k.snp
indivname: /scratch/medgen/scripts/wecare_stat_01.17/interim_data/wecare_only_480_226k.ind
evecoutname: /scratch/medgen/scripts/wecare_stat_01.17/interim_data/u01_wecare_only_480_226k_eigenstrat_2ev_outliers/u01_wecare_only_480_226k_eigenstrat_2ev_outliers.evec
evaloutname: /scratch/medgen/scripts/wecare_stat_01.17/interim_data/u01_wecare_only_480_226k_eigenstrat_2ev_outliers/u01_wecare_only_480_226k_eigenstrat_2ev_outliers.eval
genotypeoutname: /scratch/medgen/scripts/wecare_stat_01.17/interim_data/u01_wecare_only_480_226k_eigenstrat_2ev_outliers/u01_wecare_only_480_226k_eigenstrat_2ev_outliers.geno
snpoutname: /scratch/medgen/scripts/wecare_stat_01.17/interim_data/u01_wecare_only_480_226k_eigenstrat_2ev_outliers/u01_wecare_only_480_226k_eigenstrat_2ev_outliers.snp
indivoutname: /scratch/medgen/scripts/wecare_stat_01.17/interim_data/u01_wecare_only_480_226k_eigenstrat_2ev_outliers/u01_wecare_only_480_226k_eigenstrat_2ev_outliers.ind
outlieroutname: /scratch/medgen/scripts/wecare_stat_01.17/interim_data/u01_wecare_only_480_226k_eigenstrat_2ev_outliers/u01_wecare_only_480_226k_eigenstrat_2ev_outliers.outliers
outputformat: EIGENSTRAT
altnormstyle: NO
numoutlierevec: 2
## smartpca version: 13050
norm used

*** warning.  genetic distances are in cM not Morgans
Var000015004	1	100.111956	100111956	A	G

number of samples used: 480 number of snps used: 220145
Using 15 threads, and partial sum lookup algorithm.
 snp         Var000000106 ignored . allelecnt:     0  missing:     1
 snp         Var000001568 ignored . allelecnt:     0  missing:     2
 snp         Var000002670 ignored . allelecnt:     0  missing:     7
 snp         Var000002827 ignored . allelecnt:     0  missing:     1
 snp         Var000003266 ignored . allelecnt:     0  missing:     2
 snp         Var000003302 ignored . allelecnt:     0  missing:     4
 snp         Var000004136 ignored . allelecnt:     0  missing:     4
 snp         Var000004335 ignored . allelecnt:     0  missing:    50
 snp         Var000005321 ignored . allelecnt:     0  missing:    16
 snp         Var000005355 ignored . allelecnt:     0  missing:     5
total number of snps killed in pass: 1273  used: 218872
number of samples after outlier removal: 475
total number of snps killed in pass: 5028  used: 215117
number of samples after outlier removal: 473
total number of snps killed in pass: 6312  used: 213833
number of samples after outlier removal: 471
total number of snps killed in pass: 7502  used: 212643
number of samples after outlier removal: 470
total number of snps killed in pass: 8019  used: 212126
number of samples after outlier removal: 469
total number of snps killed in pass: 8542  used: 211603

## Tracy-Widom statistics: rows: 469  cols: 212126
  #N    eigenvalue  difference    twstat      p-value effect. n
   1      2.105322          NA   226.162            0 17479.982
   2      1.611324   -0.493999    88.697 6.40425e-244 19190.414
   3      1.598687   -0.012637    88.366 1.44344e-242 19713.069
   4      1.574388   -0.024299    84.096 2.42467e-225 20248.188
   5      1.537498   -0.036890    75.232 5.66277e-191 20768.780
   6      1.520824   -0.016674    72.593 4.05332e-181 21242.830
   7      1.486344   -0.034480    63.610 6.50716e-149 21710.637
   8      1.446242   -0.040101    52.109 6.49221e-111 22129.799
   9      1.431841   -0.014401    49.058   1.747e-101 22485.015
  10      1.422802   -0.009039    47.755   1.5207e-97 22828.032
  11      1.418918   -0.003884    48.228  5.73955e-99 23169.077
  12      1.408719   -0.010200    46.415  1.50618e-93 23518.957
  13      1.403938   -0.004781    46.489  9.12146e-94 23863.521
  14      1.390258   -0.013680    43.263  2.24428e-84 24214.424
  15      1.387544   -0.002714    43.970  2.09476e-86 24550.683
  16      1.379975   -0.007569    42.869   2.9908e-83 24896.997
  17      1.375263   -0.004712    42.790  5.00618e-83 25241.844
  18      1.371008   -0.004255    42.869  2.98028e-83 25591.807
  19      1.364628   -0.006381    42.118  4.00377e-81 25948.032
  20      1.362807   -0.001821    43.097  6.71397e-84 26304.987
  21      1.343595   -0.019212    37.277  7.24938e-68 26674.550
  22      1.340651   -0.002944    37.648  7.47086e-69 27009.924
  23      1.337802   -0.002848    38.061  5.88084e-70 27352.947
  24      1.331028   -0.006774    36.901  7.18553e-67 27704.122
  25      1.328423   -0.002606    37.374  4.02026e-68 28052.490
  26      1.327016   -0.001406    38.343  1.02434e-70 28409.564
  27      1.322905   -0.004112    38.227  2.10929e-70 28779.259
  28      1.313577   -0.009328    35.931   2.5292e-64 29153.875
  29      1.301826   -0.011751    32.523  1.18018e-55 29517.061
  30      1.297523   -0.004303    32.115  1.20103e-54 29860.254
  31      1.297128   -0.000395    33.341  1.06749e-57 30205.329
  32      1.283711   -0.013417    29.041  2.95776e-47 30564.676
  33      1.279819   -0.003892    28.678   2.0909e-46 30896.486
  34      1.275044   -0.004775    27.913  1.23319e-44 31230.064
  35      1.273179   -0.001865    28.382  1.01806e-45 31562.317
  36      1.266555   -0.006624    26.773  4.83402e-42 31902.674
  37      1.262155   -0.004400    26.084  1.67513e-40 32235.069
  38      1.260604   -0.001550    26.633  9.98223e-42 32566.460
  39      1.255317   -0.005287    25.522  2.93417e-39 32906.558
  40      1.246014   -0.009303    22.561  6.07735e-33 33242.238
  41      1.236401   -0.009613    19.362   1.4471e-26 33558.582
  42      1.231119   -0.005282    18.032  4.62404e-24 33853.569
  43      1.229971   -0.001148    18.551  5.00194e-25 34141.570
  44      1.222625   -0.007345    16.230   8.2327e-21 34436.934
  45      1.219576   -0.003049    15.825  4.19043e-20 34717.299
  46      1.214777   -0.004799    14.593  5.22354e-18 34997.535
  47      1.209950   -0.004827    13.310  6.43411e-16 35271.032
  48      1.205733   -0.004217    12.276  2.65181e-14 35537.249
  49      1.197247   -0.008486     9.202  6.70619e-10 35798.009
  50      1.195413   -0.001833     9.194  6.86954e-10 36037.200
  51      1.191860   -0.003553     8.367  8.16131e-09 36278.588
  52      1.184196   -0.007664     5.558  5.91655e-06 36515.738
  53      1.183710   -0.000487     6.116  1.44177e-06 36733.114
  54      1.180978   -0.002731     5.606  5.25352e-06 36956.726
  55      1.175599   -0.005379     3.806  0.000333813 37178.283
  56      1.172109   -0.003489     2.878   0.00215559 37387.603
  57      1.167857   -0.004252     1.559    0.0212609 37591.392
  58      1.163413   -0.004444     0.116     0.147919 37786.521
  59      1.161784   -0.001629     0.018     0.164877 37971.966
  60      1.161225   -0.000559     0.440     0.101297 38158.023
  61      1.156478   -0.004747    -1.189     0.474888 38348.770
  62      1.151611   -0.004867    -2.911     0.918857 38528.147
  63      1.148490   -0.003121    -3.804     0.987352 38695.401
  64      1.146005   -0.002486    -4.400     0.997668 38856.870
  65      1.142830   -0.003175    -5.350     0.999935 39014.778
  66      1.141561   -0.001269    -5.370     0.999941 39166.347
  67      1.139276   -0.002284    -5.898     0.999995 39318.684
  68      1.136542   -0.002734    -6.661            1 39467.847
  69      1.134430   -0.002112    -7.127            1 39611.967
  70      1.129272   -0.005158    -9.132            1 39753.297
  71      1.128559   -0.000713    -8.933            1 39879.946
  72      1.126472   -0.002087    -9.425            1 40008.762
  73      1.125174   -0.001298    -9.527            1 40134.433
  74      1.123265   -0.001910    -9.941            1 40259.941
  75      1.122778   -0.000487    -9.640            1 40382.845
  76      1.122131   -0.000646    -9.417            1 40508.694
  77      1.118717   -0.003414   -10.600            1 40636.929
  78      1.117144   -0.001573   -10.864            1 40756.430
  79      1.114837   -0.002307   -11.508            1 40874.400
  80      1.113680   -0.001157   -11.573            1 40987.809
  81      1.110305   -0.003375   -12.778            1 41101.188
  82      1.109761   -0.000543   -12.547            1 41205.512
  83      1.107966   -0.001795   -12.957            1 41312.066
  84      1.106090   -0.001876   -13.416            1 41415.775
  85      1.105246   -0.000844   -13.349            1 41516.220
  86      1.103815   -0.001432   -13.585            1 41617.561
  87      1.102670   -0.001144   -13.677            1 41717.366
  88      1.101270   -0.001401   -13.903            1 41816.781
  89      1.099206   -0.002064   -14.478            1 41914.704
  90      1.097338   -0.001868   -14.960            1 42008.295
  91      1.096654   -0.000685   -14.833            1 42098.270
  92      1.095495   -0.001158   -14.951            1 42189.538
  93      1.094287   -0.001208   -15.098            1 42280.103
  94      1.093542   -0.000746   -15.006            1 42369.722
  95      1.092279   -0.001263   -15.183            1 42460.353
  96      1.090996   -0.001283   -15.374            1 42549.763
  97      1.088030   -0.002966   -16.452            1 42637.824
  98      1.086675   -0.001355   -16.699            1 42717.153
  99      1.086604   -0.000071   -16.273            1 42794.597
 100      1.084578   -0.002026   -16.872            1 42875.739
 101      1.083467   -0.001111   -16.997            1 42952.026
 102      1.082596   -0.000871   -16.997            1 43027.392
 103      1.081190   -0.001406   -17.281            1 43102.875
 104      1.079822   -0.001367   -17.548            1 43176.077
 105      1.079042   -0.000780   -17.509            1 43247.112
 106      1.078339   -0.000703   -17.428            1 43318.568
 107      1.075182   -0.003157   -18.649            1 43390.802
 108      1.074749   -0.000432   -18.439            1 43452.685
 109      1.073881   -0.000868   -18.458            1 43516.373
 110      1.072497   -0.001384   -18.752            1 43579.917
 111      1.070783   -0.001714   -19.226            1 43640.943
 112      1.070367   -0.000416   -19.014            1 43697.883
 113      1.069990   -0.000377   -18.779            1 43756.622
 114      1.068552   -0.001439   -19.109            1 43817.389
 115      1.066896   -0.001656   -19.559            1 43875.259
 116      1.066676   -0.000220   -19.247            1 43929.154
 117      1.065287   -0.001389   -19.558            1 43985.733
 118      1.064440   -0.000847   -19.582            1 44039.523
 119      1.063100   -0.001339   -19.870            1 44093.036
 120      1.062084   -0.001017   -19.990            1 44143.910
 121      1.060984   -0.001100   -20.156            1 44193.632
 122      1.059530   -0.001454   -20.514            1 44241.771
 123      1.058409   -0.001120   -20.698            1 44286.590
 124      1.057674   -0.000735   -20.677            1 44329.629
 125      1.056987   -0.000687   -20.630            1 44372.710
 126      1.055701   -0.001286   -20.905            1 44416.067
 127      1.055418   -0.000283   -20.644            1 44456.773
 128      1.054260   -0.001158   -20.851            1 44499.696
 129      1.052249   -0.002011   -21.522            1 44540.561
 130      1.051458   -0.000791   -21.541            1 44575.115
 131      1.051184   -0.000275   -21.283            1 44609.277
 132      1.050010   -0.001173   -21.507            1 44645.604
 133      1.049841   -0.000169   -21.191            1 44679.646
 134      1.048103   -0.001738   -21.721            1 44716.405
 135      1.047524   -0.000579   -21.630            1 44748.005
 136      1.047035   -0.000489   -21.489            1 44780.220
 137      1.046477   -0.000557   -21.383            1 44813.521
 138      1.045408   -0.001069   -21.554            1 44847.584
 139      1.044792   -0.000616   -21.482            1 44879.783
 140      1.044027   -0.000764   -21.490            1 44912.425
 141      1.042973   -0.001054   -21.655            1 44944.746
 142      1.041653   -0.001320   -21.967            1 44975.219
 143      1.041512   -0.000141   -21.641            1 45002.412
 144      1.041302   -0.000210   -21.350            1 45032.477
 145      1.039073   -0.002229   -22.154            1 45065.126
 146      1.038700   -0.000373   -21.957            1 45089.621
 147      1.037537   -0.001163   -22.188            1 45115.737
 148      1.036815   -0.000722   -22.182            1 45139.266
 149      1.035958   -0.000857   -22.250            1 45162.530
 150      1.034412   -0.001546   -22.694            1 45184.794
 151      1.033224   -0.001188   -22.949            1 45202.310
 152      1.033050   -0.000174   -22.653            1 45216.935
 153      1.032426   -0.000623   -22.600            1 45234.126
 154      1.031431   -0.000995   -22.748            1 45251.484
 155      1.030032   -0.001399   -23.119            1 45266.966
 156      1.029574   -0.000458   -22.981            1 45278.317
 157      1.028549   -0.001025   -23.151            1 45290.656
 158      1.027765   -0.000784   -23.191            1 45300.857
 159      1.027069   -0.000696   -23.184            1 45310.224
 160      1.026079   -0.000990   -23.338            1 45319.231
 161      1.024677   -0.001402   -23.718            1 45326.224
 162      1.024188   -0.000489   -23.604            1 45328.863
 163      1.023861   -0.000327   -23.400            1 45332.201
 164      1.022647   -0.001214   -23.679            1 45337.180
 165      1.022030   -0.000617   -23.635            1 45338.785
 166      1.021547   -0.000484   -23.517            1 45340.364
 167      1.020868   -0.000679   -23.506            1 45342.681
 168      1.020277   -0.000591   -23.446            1 45344.630
 169      1.019234   -0.001042   -23.632            1 45346.716
 170      1.019040   -0.000194   -23.357            1 45346.319
 171      1.017946   -0.001094   -23.571            1 45348.350
 172      1.017512   -0.000433   -23.426            1 45347.573
 173      1.016240   -0.001272   -23.738            1 45347.834
 174      1.015783   -0.000457   -23.608            1 45344.190
 175      1.015010   -0.000773   -23.650            1 45341.412
 176      1.013923   -0.001088   -23.864            1 45337.633
 177      1.013239   -0.000683   -23.860            1 45330.955
 178      1.011263   -0.001977   -24.562            1 45323.754
 179      1.011081   -0.000181   -24.291            1 45308.281
 180      1.010683   -0.000398   -24.136            1 45295.159
 181      1.009979   -0.000704   -24.146            1 45283.140
 182      1.009492   -0.000488   -24.038            1 45270.397
 183      1.008901   -0.000591   -23.986            1 45258.240
 184      1.008599   -0.000302   -23.775            1 45246.054
 185      1.007078   -0.001521   -24.227            1 45235.626
 186      1.006593   -0.000485   -24.120            1 45219.449
 187      1.006317   -0.000276   -23.897            1 45203.844
 188      1.005169   -0.001148   -24.147            1 45190.139
 189      1.004613   -0.000556   -24.077            1 45172.911
 190      1.003839   -0.000774   -24.125            1 45155.818
 191      1.003038   -0.000801   -24.189            1 45137.494
 192      1.002850   -0.000188   -23.920            1 45117.751
 193      1.001353   -0.001496   -24.360            1 45100.463
 194      1.000838   -0.000516   -24.271            1 45077.332
 195      0.999947   -0.000890   -24.385            1 45054.529
 196      0.999000   -0.000947   -24.532            1 45029.662
 197      0.998556   -0.000444   -24.406            1 45002.338
 198      0.997583   -0.000973   -24.567            1 44975.755
 199      0.996861   -0.000722   -24.592            1 44946.513
 200      0.996209   -0.000652   -24.580            1 44916.202
 201      0.994945   -0.001264   -24.901            1 44885.264
 202      0.994627   -0.000319   -24.711            1 44849.705
 203      0.993736   -0.000890   -24.830            1 44815.620
 204      0.992729   -0.001008   -25.014            1 44779.297
 205      0.991436   -0.001293   -25.354            1 44739.939
 206      0.990881   -0.000556   -25.298            1 44695.644
 207      0.989361   -0.001519   -25.764            1 44651.168
 208      0.989019   -0.000342   -25.597            1 44600.208
 209      0.988741   -0.000278   -25.394            1 44550.381
 210      0.987788   -0.000953   -25.554            1 44502.140
 211      0.986570   -0.001218   -25.858            1 44451.058
 212      0.986068   -0.000502   -25.778            1 44395.360
 213      0.985688   -0.000380   -25.633            1 44339.710
 214      0.985347   -0.000341   -25.464            1 44284.930
 215      0.983755   -0.001592   -25.968            1 44231.307
 216      0.983155   -0.000600   -25.943            1 44170.507
 217      0.982263   -0.000892   -26.074            1 44109.059
 218      0.981963   -0.000300   -25.889            1 44045.014
 219      0.981295   -0.000668   -25.899            1 43982.300
 220      0.980808   -0.000487   -25.812            1 43918.473
 221      0.980189   -0.000619   -25.795            1 43854.751
 222      0.979461   -0.000729   -25.837            1 43790.249
 223      0.979026   -0.000435   -25.721            1 43724.217
 224      0.978238   -0.000788   -25.794            1 43658.641
 225      0.977777   -0.000461   -25.692            1 43591.118
 226      0.976387   -0.001390   -26.085            1 43523.873
 227      0.975305   -0.001081   -26.317            1 43450.538
 228      0.974977   -0.000328   -26.150            1 43373.174
 229      0.974568   -0.000409   -26.024            1 43296.880
 230      0.973856   -0.000712   -26.059            1 43221.131
 231      0.973298   -0.000558   -26.011            1 43143.857
 232      0.973204   -0.000094   -25.717            1 43066.110
 233      0.972390   -0.000814   -25.802            1 42991.123
 234      0.972006   -0.000384   -25.659            1 42913.918
 235      0.971403   -0.000603   -25.631            1 42837.487
 236      0.970706   -0.000697   -25.652            1 42760.312
 237      0.969883   -0.000823   -25.740            1 42681.728
 238      0.969411   -0.000472   -25.644            1 42600.826
 239      0.968204   -0.001208   -25.933            1 42520.074
 240      0.968070   -0.000134   -25.661            1 42434.261
 241      0.967102   -0.000968   -25.824            1 42350.955
 242      0.966060   -0.001042   -26.027            1 42264.257
 243      0.965718   -0.000342   -25.865            1 42173.608
 244      0.965360   -0.000359   -25.711            1 42083.957
 245      0.964167   -0.001193   -25.990            1 41995.213
 246      0.963568   -0.000599   -25.962            1 41901.413
 247      0.963227   -0.000341   -25.799            1 41806.760
 248      0.962921   -0.000306   -25.617            1 41713.111
 249      0.962214   -0.000708   -25.641            1 41620.753
 250      0.960368   -0.001846   -26.256            1 41526.798
 251      0.959928   -0.000441   -26.148            1 41423.012
 252      0.959508   -0.000420   -26.029            1 41319.433
 253      0.959193   -0.000315   -25.854            1 41216.227
 254      0.957970   -0.001223   -26.145            1 41114.178
 255      0.957428   -0.000542   -26.088            1 41006.713
 256      0.956452   -0.000977   -26.254            1 40898.721
 257      0.955936   -0.000515   -26.185            1 40787.052
 258      0.954324   -0.001612   -26.676            1 40675.018
 259      0.954224   -0.000101   -26.399            1 40554.703
 260      0.954044   -0.000179   -26.159            1 40436.927
 261      0.952782   -0.001263   -26.469            1 40321.189
 262      0.952166   -0.000616   -26.452            1 40199.651
 263      0.951626   -0.000540   -26.397            1 40076.954
 264      0.950707   -0.000919   -26.532            1 39953.646
 265      0.949836   -0.000871   -26.644            1 39826.985
 266      0.949366   -0.000470   -26.555            1 39697.298
 267      0.948426   -0.000940   -26.701            1 39567.458
 268      0.947927   -0.000499   -26.627            1 39434.079
 269      0.946867   -0.001061   -26.833            1 39300.324
 270      0.946513   -0.000354   -26.687            1 39162.142
 271      0.945733   -0.000780   -26.753            1 39024.603
 272      0.945340   -0.000393   -26.625            1 38884.643
 273      0.944571   -0.000769   -26.683            1 38745.051
 274      0.943791   -0.000780   -26.747            1 38603.121
 275      0.943244   -0.000546   -26.695            1 38458.760
 276      0.942808   -0.000436   -26.588            1 38313.644
 277      0.941861   -0.000947   -26.732            1 38168.579
 278      0.941298   -0.000563   -26.688            1 38019.880
 279      0.940973   -0.000325   -26.526            1 37870.299
 280      0.940394   -0.000579   -26.486            1 37721.564
 281      0.939843   -0.000551   -26.433            1 37571.857
 282      0.939720   -0.000123   -26.170            1 37421.386
 283      0.938874   -0.000846   -26.255            1 37273.281
 284      0.938481   -0.000393   -26.122            1 37122.300
 285      0.937327   -0.001155   -26.356            1 36971.739
 286      0.936916   -0.000411   -26.232            1 36816.048
 287      0.935464   -0.001452   -26.608            1 36660.621
 288      0.935244   -0.000220   -26.394            1 36497.916
 289      0.934659   -0.000584   -26.354            1 36336.802
 290      0.933696   -0.000964   -26.493            1 36174.677
 291      0.933469   -0.000227   -26.282            1 36008.802
 292      0.932770   -0.000699   -26.294            1 35844.484
 293      0.932393   -0.000378   -26.153            1 35678.339
 294      0.931424   -0.000969   -26.289            1 35512.692
 295      0.930400   -0.001024   -26.452            1 35343.279
 296      0.929813   -0.000587   -26.411            1 35169.698
 297      0.929602   -0.000211   -26.192            1 34995.078
 298      0.927944   -0.001658   -26.647            1 34822.122
 299      0.927680   -0.000265   -26.457            1 34640.506
 300      0.927474   -0.000205   -26.237            1 34460.115
 301      0.926320   -0.001155   -26.453            1 34281.408
 302      0.926302   -0.000018   -26.147            1 34097.649
 303      0.925926   -0.000376   -26.002            1 33916.906
 304      0.924793   -0.001133   -26.203            1 33736.681
 305      0.924545   -0.000248   -26.001            1 33551.585
 306      0.924132   -0.000413   -25.871            1 33367.903
 307      0.923630   -0.000501   -25.781            1 33184.493
 308      0.922846   -0.000785   -25.817            1 33000.746
 309      0.922322   -0.000524   -25.735            1 32814.650
 310      0.921151   -0.001171   -25.942            1 32628.066
 311      0.920667   -0.000484   -25.843            1 32436.414
 312      0.920240   -0.000427   -25.717            1 32244.544
 313      0.919838   -0.000401   -25.578            1 32052.871
 314      0.918614   -0.001224   -25.802            1 31861.600
 315      0.918299   -0.000316   -25.626            1 31664.946
 316      0.918028   -0.000271   -25.428            1 31469.284
 317      0.917466   -0.000562   -25.356            1 31274.962
 318      0.916962   -0.000504   -25.257            1 31079.957
 319      0.916180   -0.000782   -25.278            1 30884.697
 320      0.915558   -0.000623   -25.229            1 30687.237
 321      0.914879   -0.000679   -25.203            1 30488.701
 322      0.913929   -0.000950   -25.293            1 30288.709
 323      0.913189   -0.000740   -25.293            1 30085.376
 324      0.912234   -0.000954   -25.383            1 29880.172
 325      0.912115   -0.000119   -25.119            1 29671.633
 326      0.911301   -0.000815   -25.146            1 29465.517
 327      0.910240   -0.001060   -25.276            1 29257.065
 328      0.909050   -0.001190   -25.460            1 29044.613
 329      0.908404   -0.000646   -25.418            1 28827.314
 330      0.908115   -0.000289   -25.226            1 28608.847
 331      0.907318   -0.000796   -25.241            1 28391.620
 332      0.907179   -0.000140   -24.986            1 28172.266
 333      0.906627   -0.000552   -24.897            1 27955.187
 334      0.906036   -0.000591   -24.822            1 27737.663
 335      0.905478   -0.000559   -24.733            1 27519.453
 336      0.904734   -0.000744   -24.718            1 27300.787
 337      0.903899   -0.000834   -24.737            1 27080.453
 338      0.903138   -0.000762   -24.727            1 26857.875
 339      0.902427   -0.000710   -24.695            1 26633.553
 340      0.901802   -0.000626   -24.628            1 26407.842
 341      0.901638   -0.000164   -24.378            1 26181.316
 342      0.900815   -0.000823   -24.384            1 25957.001
 343      0.899590   -0.001225   -24.546            1 25730.645
 344      0.898892   -0.000697   -24.503            1 25499.686
 345      0.898189   -0.000703   -24.461            1 25267.537
 346      0.898058   -0.000131   -24.197            1 25034.184
 347      0.897569   -0.000489   -24.067            1 24803.274
 348      0.896431   -0.001139   -24.183            1 24572.580
 349      0.895345   -0.001086   -24.278            1 24338.029
 350      0.894875   -0.000470   -24.141            1 24100.008
 351      0.894141   -0.000733   -24.100            1 23862.355
 352      0.893681   -0.000460   -23.956            1 23623.478
 353      0.892777   -0.000903   -23.974            1 23385.076
 354      0.891957   -0.000820   -23.960            1 23144.479
 355      0.891582   -0.000376   -23.783            1 22902.230
 356      0.891232   -0.000349   -23.594            1 22661.028
 357      0.890225   -0.001007   -23.639            1 22421.062
 358      0.889869   -0.000356   -23.450            1 22178.438
 359      0.889198   -0.000671   -23.371            1 21937.050
 360      0.888818   -0.000379   -23.187            1 21695.065
 361      0.887008   -0.001810   -23.503            1 21454.236
 362      0.886739   -0.000269   -23.281            1 21206.270
 363      0.885589   -0.001150   -23.362            1 20960.111
 364      0.885085   -0.000504   -23.219            1 20710.771
 365      0.884371   -0.000714   -23.146            1 20461.949
 366      0.883961   -0.000409   -22.968            1 20212.503
 367      0.883488   -0.000474   -22.809            1 19964.165
 368      0.882415   -0.001073   -22.848            1 19716.612
 369      0.881270   -0.001145   -22.909            1 19466.574
 370      0.880559   -0.000711   -22.825            1 19213.744
 371      0.880263   -0.000297   -22.604            1 18960.515
 372      0.879390   -0.000873   -22.568            1 18709.132
 373      0.878404   -0.000986   -22.565            1 18456.572
 374      0.877436   -0.000968   -22.554            1 18202.308
 375      0.876391   -0.001045   -22.566            1 17946.503
 376      0.876104   -0.000287   -22.339            1 17688.839
 377      0.875774   -0.000330   -22.122            1 17433.182
 378      0.875022   -0.000752   -22.032            1 17179.356
 379      0.874517   -0.000505   -21.864            1 16925.288
 380      0.873828   -0.000689   -21.750            1 16672.249
 381      0.872996   -0.000832   -21.676            1 16419.373
 382      0.872369   -0.000627   -21.539            1 16166.016
 383      0.871534   -0.000836   -21.460            1 15913.219
 384      0.871188   -0.000346   -21.236            1 15660.034
 385      0.870446   -0.000742   -21.124            1 15408.834
 386      0.869541   -0.000905   -21.055            1 15157.792
 387      0.867922   -0.001620   -21.186            1 14906.208
 388      0.867720   -0.000202   -20.917            1 14650.920
 389      0.867177   -0.000543   -20.740            1 14398.396
 390      0.866243   -0.000934   -20.667            1 14147.149
 391      0.865754   -0.000489   -20.470            1 13895.506
 392      0.865124   -0.000631   -20.308            1 13645.473
 393      0.863768   -0.001356   -20.337            1 13396.481
 394      0.863324   -0.000443   -20.122            1 13145.498
 395      0.862685   -0.000639   -19.954            1 12896.457
 396      0.862276   -0.000409   -19.725            1 12648.587
 397      0.861054   -0.001221   -19.699            1 12402.889
 398      0.860564   -0.000490   -19.485            1 12156.096
 399      0.859092   -0.001472   -19.512            1 11911.241
 400      0.858650   -0.000442   -19.283            1 11664.495
 401      0.857750   -0.000900   -19.161            1 11419.978
 402      0.856592   -0.001157   -19.098            1 11175.982
 403      0.855318   -0.001275   -19.058            1 10931.621
 404      0.854548   -0.000770   -18.896            1 10686.583
 405      0.854146   -0.000402   -18.647            1 10442.804
 406      0.853634   -0.000512   -18.418            1 10201.660
 407      0.852184   -0.001450   -18.396            1  9962.809
 408      0.851078   -0.001106   -18.293            1  9723.049
 409      0.850156   -0.000922   -18.146            1  9483.693
 410      0.849787   -0.000369   -17.877            1  9245.460
 411      0.849029   -0.000758   -17.685            1  9010.236
 412      0.848578   -0.000451   -17.426            1  8776.808
 413      0.848269   -0.000308   -17.134            1  8546.227
 414      0.846439   -0.001830   -17.143            1  8319.000
 415      0.846153   -0.000286   -16.842            1  8090.421
 416      0.844658   -0.001494   -16.771            1  7865.372
 417      0.844254   -0.000404   -16.487            1  7640.271
 418      0.842535   -0.001719   -16.445            1  7418.459
 419      0.840780   -0.001755   -16.404            1  7196.203
 420      0.840173   -0.000607   -16.149            1  6973.617
 421      0.839370   -0.000804   -15.924            1  6753.977
 422      0.838767   -0.000602   -15.659            1  6536.825
 423      0.837337   -0.001430   -15.530            1  6322.767
 424      0.835444   -0.001893   -15.473            1  6109.753
 425      0.834690   -0.000754   -15.221            1  5896.813
 426      0.833833   -0.000857   -14.980            1  5686.870
 427      0.833181   -0.000652   -14.702            1  5479.759
 428      0.832527   -0.000654   -14.417            1  5276.041
 429      0.831694   -0.000833   -14.154            1  5075.783
 430      0.830712   -0.000982   -13.906            1  4878.657
 431      0.829533   -0.001179   -13.680            1  4684.428
 432      0.829095   -0.000438   -13.343            1  4492.778
 433      0.828128   -0.000967   -13.071            1  4305.375
 434      0.826886   -0.001241   -12.829            1  4121.193
 435      0.825053   -0.001834   -12.656            1  3939.782
 436      0.822899   -0.002154   -12.514            1  3760.119
 437      0.821545   -0.001354   -12.264            1  3581.813
 438      0.819796   -0.001749   -12.052            1  3406.545
 439      0.819314   -0.000482   -11.684            1  3233.773
 440      0.818566   -0.000748   -11.337            1  3065.818
 441      0.818037   -0.000529   -10.958            1  2902.320
 442      0.816895   -0.001141   -10.633            1  2743.748
 443      0.814925   -0.001970   -10.383            1  2589.205
 444      0.813993   -0.000932   -10.018            1  2437.515
 445      0.811276   -0.002718    -9.810            1  2290.486
 446      0.808745   -0.002531    -9.572            1  2145.575
 447      0.807109   -0.001636    -9.240            1  2003.352
 448      0.805585   -0.001524    -8.885            1  1865.317
 449      0.803201   -0.002384    -8.583            1  1731.821
 450      0.803118   -0.000083    -8.088            1  1601.948
 451      0.798037   -0.005081    -7.944            1  1478.900
 452      0.793414   -0.004623    -7.746            1  1356.647
 453      0.790060   -0.003354    -7.440            1  1236.347
 454      0.788114   -0.001946    -7.023            1  1119.888
 455      0.787732   -0.000382    -6.490            1  1009.079
 456      0.784377   -0.003355    -6.097     0.999998   905.822
 457      0.773913   -0.010464    -6.043     0.999998   807.513
 458      0.773046   -0.000867    -5.485     0.999965   708.194
 459      0.769224   -0.003822    -5.022     0.999746   617.013
 460      0.763033   -0.006190        NA           NA        NA
 461      0.756851   -0.006182        NA           NA        NA
 462      0.752467   -0.004384        NA           NA        NA
 463      0.751068   -0.001399        NA           NA        NA
 464      0.744479   -0.006588        NA           NA        NA
 465      0.743551   -0.000928        NA           NA        NA
 466      0.635834   -0.107717        NA           NA        NA
 467      0.516765   -0.119069        NA           NA        NA
 468      0.512399   -0.004366        NA           NA        NA
    kurtosis           snps    indivs
 eigenvector    1     7.449    13.807
 eigenvector    2    71.039   248.101
 eigenvector    3    85.063   299.781
 eigenvector    4   100.900   362.160
 eigenvector    5    88.892   305.368
 eigenvector    6    74.119   268.217
 eigenvector    7    84.175   294.880
 eigenvector    8    35.287   113.814
 eigenvector    9    20.167    61.859
 eigenvector   10    33.614   112.098
population:   0                  CBC  230
population:   1                  UBC  239

## Average divergence between populations:
                  CBC        UBC     popsize
       CBC      0.995      1.000         230
       UBC      1.000      1.005         239


number of blocks for moving block jackknife: 521
fst *1000:
          C     U 
   C      0     0
   U      0     0

s.dev * 1000000:
          C     U 
   C      0    25
   U     25     0

eigenvector 1:means
                 UBC     -0.002
                 CBC      0.002
## Anova statistics for population differences along each eigenvector:
                                              p-value
                  eigenvector_1_CBC_UBC_      0.294558 
eigenvector 2:means
                 UBC     -0.002
                 CBC      0.002
                  eigenvector_2_CBC_UBC_      0.309506 
eigenvector 3:means
                 UBC     -0.001
                 CBC      0.002
                  eigenvector_3_CBC_UBC_      0.477669 
eigenvector 4:means
                 CBC     -0.003
                 UBC      0.003
                  eigenvector_4_CBC_UBC_      0.138464 
eigenvector 5:means
                 UBC     -0.002
                 CBC      0.002
                  eigenvector_5_CBC_UBC_      0.445818 
eigenvector 6:means
                 CBC     -0.003
                 UBC      0.003
                  eigenvector_6_CBC_UBC_      0.176401 
eigenvector 7:means
                 UBC     -0.000
                 CBC      0.000
                  eigenvector_7_CBC_UBC_      0.904066 
eigenvector 8:means
                 CBC     -0.000
                 UBC      0.000
                  eigenvector_8_CBC_UBC_      0.981721 
eigenvector 9:means
                 CBC     -0.004
                 UBC      0.004
                  eigenvector_9_CBC_UBC_     0.0507774 
eigenvector 10:means
                 CBC     -0.001
                 UBC      0.001
                 eigenvector_10_CBC_UBC_      0.639226 

## Statistical significance of differences beween populations:
                                pop1                  pop2      chisq          p-value   |pop1|   |pop2|
popdifference:                   CBC                   UBC        11.350      0.330876     230     239

eigbestsnp    1         Var000203154 11    128442990     9.019
eigbestsnp    1         Var000195664 11     68358116     8.924
eigbestsnp    1         Var000252723 16       830689     8.754
eigbestsnp    1         Var000105085  5    156515868     8.142
eigbestsnp    1         Var000041617  2     74733329     7.845
eigbestsnp    1         Var000046342  2    136740900     7.821
eigbestsnp    1         Var000046210  2    136407479     7.796
eigbestsnp    1         Var000046149  2    135911422     7.662
eigbestsnp    1         Var000315509 20     20377421     7.617
eigbestsnp    1         Var000255070 16      3832959     7.543
eigbestsnp    2         Var000318085 20     42199703    19.971
eigbestsnp    2         Var000133716  7     82451900    19.906
eigbestsnp    2         Var000126311  6    161139287    17.477
eigbestsnp    2         Var000126320  6    161152206    17.384
eigbestsnp    2         Var000281444 17     62533136    15.859
eigbestsnp    2         Var000135480  7     99091443    14.688
eigbestsnp    2         Var000052646  2    202505586    14.591
eigbestsnp    2         Var000281439 17     62530860    14.552
eigbestsnp    2         Var000135612  7     99454544    14.370
eigbestsnp    2         Var000127490  7      1536852    14.178
eigbestsnp    3         Var000003811  1     16785287    12.971
eigbestsnp    3         Var000003899  1     17302110    12.971
eigbestsnp    3         Var000004535  1     19595813    12.971
eigbestsnp    3         Var000015572  1    109276021    12.971
eigbestsnp    3         Var000019646  1    154318823    12.971
eigbestsnp    3         Var000034633  2     11923948    12.971
eigbestsnp    3         Var000036054  2     27258902    12.971
eigbestsnp    3         Var000041358  2     74185323    12.971
eigbestsnp    3         Var000051001  2    182786935    12.971
eigbestsnp    3         Var000058675  2    242072470    12.971
eigbestsnp    4         Var000282370 17     72281367    13.856
eigbestsnp    4         Var000002243  1     10435472    13.856
eigbestsnp    4         Var000002667  1     11876692    13.856
eigbestsnp    4         Var000029798  1    221054647    13.856
eigbestsnp    4         Var000029799  1    221054648    13.856
eigbestsnp    4         Var000040892  2     71753329    13.856
eigbestsnp    4         Var000052283  2    198571709    13.856
eigbestsnp    4         Var000062161  3     37584061    13.856
eigbestsnp    4         Var000062195  3     37845391    13.856
eigbestsnp    4         Var000064937  3     49061664    13.856
eigbestsnp    5         Var000003499  1     16262073    19.527
eigbestsnp    5         Var000071442  3    123456432    13.413
eigbestsnp    5         Var000002246  1     10459753    13.413
eigbestsnp    5         Var000015906  1    110033839    13.413
eigbestsnp    5         Var000031540  1    231064751    13.413
eigbestsnp    5         Var000039707  2     60773269    13.413
eigbestsnp    5         Var000041757  2     75115001    13.413
eigbestsnp    5         Var000066811  3     53276186    13.413
eigbestsnp    5         Var000071372  3    123348356    13.413
eigbestsnp    5         Var000072000  3    126226945    13.413
eigbestsnp    6         Var000004270  1     19166202    13.017
eigbestsnp    6         Var000005025  1     21894705    13.017
eigbestsnp    6         Var000005530  1     22987526    13.017
eigbestsnp    6         Var000006657  1     27697353    13.017
eigbestsnp    6         Var000032036  1    235599931    13.017
eigbestsnp    6         Var000033884  2      1491753    13.017
eigbestsnp    6         Var000039347  2     54885045    13.017
eigbestsnp    6         Var000049740  2    179197790    13.017
eigbestsnp    6         Var000073230  3    133475093    13.017
eigbestsnp    6         Var000083292  4     53731802    13.017
eigbestsnp    7         Var000266421 16     88870972    17.147
eigbestsnp    7         Var000231415 14     50280688    13.511
eigbestsnp    7         Var000231419 14     50298962    13.511
eigbestsnp    7         Var000019544  1    154002393    13.511
eigbestsnp    7         Var000020384  1    156132838    13.511
eigbestsnp    7         Var000031110  1    228509829    13.511
eigbestsnp    7         Var000034136  2      3688837    13.511
eigbestsnp    7         Var000036851  2     29296583    13.511
eigbestsnp    7         Var000042518  2     88874605    13.511
eigbestsnp    7         Var000060777  3     15100892    13.511
eigbestsnp    8         Var000169482 10      5416111    15.215
eigbestsnp    8         Var000323141 21     37414176    12.174
eigbestsnp    8         Var000029601  1    218520315    10.677
eigbestsnp    8         Var000254270 16      2813957    10.668
eigbestsnp    8         Var000320903 20     61459319    10.611
eigbestsnp    8         Var000284074 17     76117147    10.492
eigbestsnp    8         Var000123103  6    131895456    10.481
eigbestsnp    8         Var000123151  6    131962602    10.375
eigbestsnp    8         Var000272205 17     12656111    10.096
eigbestsnp    8         Var000094874  5     38485971    10.073
eigbestsnp    9         Var000190792 11     55418593    11.896
eigbestsnp    9         Var000190772 11     55371410    11.396
eigbestsnp    9         Var000077499  3    187009801    10.997
eigbestsnp    9         Var000326719 22     21045658    10.734
eigbestsnp    9         Var000169482 10      5416111    10.428
eigbestsnp    9         Var000078101  3    194343959    10.157
eigbestsnp    9         Var000287116 18      8113558     9.264
eigbestsnp    9         Var000309871 19     52146848     9.218
eigbestsnp    9         Var000013316  1     78430391     9.167
eigbestsnp    9         Var000087992  4    113825611     9.143
eigbestsnp   10         Var000240460 15     22743365    12.042
eigbestsnp   10         Var000193682 11     64428581    11.415
eigbestsnp   10         Var000192187 11     60636640    11.403
eigbestsnp   10         Var000225432 13     74420281    11.378
eigbestsnp   10         Var000316947 20     33594363    11.378
eigbestsnp   10         Var000193343 11     63883856    11.071
eigbestsnp   10         Var000085481  4     81967102    10.993
eigbestsnp   10         Var000004914  1     21143942    10.461
eigbestsnp   10         Var000027197  1    202933747    10.461
eigbestsnp   10         Var000031255  1    228698269    10.461
eigenstrat output
##end of smartpca run
