parameter file: u01_wecare_only_480_226k_eigenstrat_3ev_outliers.par
### THE INPUT PARAMETERS
##PARAMETER NAME: VALUE
genotypename: /scratch/medgen/scripts/wecare_stat_01.17/interim_data/wecare_only_480_226k.geno
snpname: /scratch/medgen/scripts/wecare_stat_01.17/interim_data/wecare_only_480_226k.snp
indivname: /scratch/medgen/scripts/wecare_stat_01.17/interim_data/wecare_only_480_226k.ind
evecoutname: /scratch/medgen/scripts/wecare_stat_01.17/interim_data/u01_wecare_only_480_226k_eigenstrat_3ev_outliers/u01_wecare_only_480_226k_eigenstrat_3ev_outliers.evec
evaloutname: /scratch/medgen/scripts/wecare_stat_01.17/interim_data/u01_wecare_only_480_226k_eigenstrat_3ev_outliers/u01_wecare_only_480_226k_eigenstrat_3ev_outliers.eval
genotypeoutname: /scratch/medgen/scripts/wecare_stat_01.17/interim_data/u01_wecare_only_480_226k_eigenstrat_3ev_outliers/u01_wecare_only_480_226k_eigenstrat_3ev_outliers.geno
snpoutname: /scratch/medgen/scripts/wecare_stat_01.17/interim_data/u01_wecare_only_480_226k_eigenstrat_3ev_outliers/u01_wecare_only_480_226k_eigenstrat_3ev_outliers.snp
indivoutname: /scratch/medgen/scripts/wecare_stat_01.17/interim_data/u01_wecare_only_480_226k_eigenstrat_3ev_outliers/u01_wecare_only_480_226k_eigenstrat_3ev_outliers.ind
outlieroutname: /scratch/medgen/scripts/wecare_stat_01.17/interim_data/u01_wecare_only_480_226k_eigenstrat_3ev_outliers/u01_wecare_only_480_226k_eigenstrat_3ev_outliers.outliers
outputformat: EIGENSTRAT
altnormstyle: NO
numoutlierevec: 3
## smartpca version: 13050
norm used

*** warning.  genetic distances are in cM not Morgans
Var000015004	1	100.111956	100111956	A	G

number of samples used: 480 number of snps used: 220145
Using 15 threads, and partial sum lookup algorithm.
 snp         Var000000106 ignored . allelecnt:     0  missing:     1
 snp         Var000001568 ignored . allelecnt:     0  missing:     2
 snp         Var000002670 ignored . allelecnt:     0  missing:     7
 snp         Var000002827 ignored . allelecnt:     0  missing:     1
 snp         Var000003266 ignored . allelecnt:     0  missing:     2
 snp         Var000003302 ignored . allelecnt:     0  missing:     4
 snp         Var000004136 ignored . allelecnt:     0  missing:     4
 snp         Var000004335 ignored . allelecnt:     0  missing:    50
 snp         Var000005321 ignored . allelecnt:     0  missing:    16
 snp         Var000005355 ignored . allelecnt:     0  missing:     5
total number of snps killed in pass: 1273  used: 218872
number of samples after outlier removal: 475
total number of snps killed in pass: 5028  used: 215117
number of samples after outlier removal: 472
total number of snps killed in pass: 6999  used: 213146
number of samples after outlier removal: 469
total number of snps killed in pass: 8542  used: 211603
number of samples after outlier removal: 467
total number of snps killed in pass: 9556  used: 210589
number of samples after outlier removal: 464
total number of snps killed in pass: 10953  used: 209192

## Tracy-Widom statistics: rows: 464  cols: 210589
  #N    eigenvalue  difference    twstat      p-value effect. n
   1      2.067129          NA   234.645            0 19374.270
   2      1.498710   -0.568419    63.279  9.0766e-148 21399.536
   3      1.461358   -0.037351    52.917 1.84483e-113 21811.077
   4      1.449277   -0.012081    50.779 9.08755e-107 22166.419
   5      1.438099   -0.011178    48.836 8.25778e-101 22515.276
   6      1.431833   -0.006266    48.525 7.21822e-100 22858.516
   7      1.424039   -0.007794    47.637  3.42739e-97 23205.864
   8      1.418569   -0.005471    47.531  7.15833e-97 23553.738
   9      1.407781   -0.010788    45.466   9.4289e-91 23906.972
  10      1.400474   -0.007307    44.574  3.76453e-88 24253.117
  11      1.392332   -0.008142    43.319   1.5541e-84 24599.366
  12      1.388365   -0.003967    43.559  3.19922e-85 24943.251
  13      1.383998   -0.004367    43.643  1.82656e-85 25294.375
  14      1.378286   -0.005711    43.206  3.27367e-84 25651.883
  15      1.373699   -0.004588    43.167  4.21278e-84 26012.363
  16      1.358804   -0.014894    39.119   8.1509e-73 26378.552
  17      1.351139   -0.007665    37.718   4.8523e-69 26722.851
  18      1.348862   -0.002277    38.373  8.51654e-71 27062.909
  19      1.342629   -0.006233    37.472  2.20516e-68 27412.742
  20      1.341282   -0.001347    38.479  4.40377e-71 27761.651
  21      1.338799   -0.002483    39.057  1.20199e-72 28123.152
  22      1.333169   -0.005631    38.366  8.88818e-71 28494.555
  23      1.325300   -0.007869    36.719  2.17554e-66 28866.702
  24      1.315286   -0.010014    34.110  1.22413e-59 29232.349
  25      1.310842   -0.004444    33.711  1.25092e-58 29584.078
  26      1.309079   -0.001762    34.413  2.06901e-60 29938.005
  27      1.294875   -0.014204    29.875  3.18015e-49 30302.493
  28      1.290371   -0.004504    29.293  7.57861e-48 30637.804
  29      1.286389   -0.003982    28.907  6.11066e-47 30973.348
  30      1.283740   -0.002649    29.075  2.47227e-47 31310.547
  31      1.276513   -0.007227    27.253  3.96007e-43 31653.663
  32      1.273737   -0.002776    27.308  2.97963e-43 31987.284
  33      1.271101   -0.002636    27.419  1.66583e-43 32325.791
  34      1.265686   -0.005415    26.297   5.6429e-41 32669.722
  35      1.255282   -0.010404    22.908  1.15968e-33 33009.264
  36      1.246606   -0.008676    20.180  3.76795e-28 33326.198
  37      1.239606   -0.007000    18.120   3.1816e-24 33625.560
  38      1.239423   -0.000183    19.083  4.94364e-26 33912.358
  39      1.231489   -0.007933    16.540  2.33997e-21 34209.994
  40      1.228271   -0.003219    16.078  1.52054e-20 34490.979
  41      1.223552   -0.004719    14.910  1.53944e-18 34771.426
  42      1.219368   -0.004184    13.953  5.93428e-17 35045.692
  43      1.214390   -0.004978    12.598  8.46661e-15 35315.306
  44      1.205860   -0.008530     9.548  2.30397e-10 35577.006
  45      1.203525   -0.002335     9.320  4.66439e-10 35817.417
  46      1.200790   -0.002735     8.896  1.69633e-09 36058.340
  47      1.193472   -0.007318     6.295   9.0357e-07 36298.217
  48      1.192095   -0.001377     6.447  6.06494e-07 36519.986
  49      1.189485   -0.002610     6.013    1.878e-06 36744.897
  50      1.183403   -0.006082     3.909  0.000268095 36968.388
  51      1.180261   -0.003143     3.165   0.00123791 37177.331
  52      1.176342   -0.003919     2.029   0.00990512 37382.201
  53      1.171245   -0.005097     0.299     0.119907 37579.882
  54      1.170321   -0.000923     0.552    0.0880647 37765.711
  55      1.169037   -0.001284     0.634    0.0793767 37954.893
  56      1.164571   -0.004466    -0.834     0.366905 38146.143
  57      1.159062   -0.005510    -2.843     0.909193 38327.323
  58      1.155962   -0.003099    -3.711     0.984086 38494.216
  59      1.153657   -0.002305    -4.206     0.995775 38655.545
  60      1.150791   -0.002866    -4.987     0.999708 38814.110
  61      1.149110   -0.001681    -5.199     0.999876 38967.661
  62      1.146840   -0.002271    -5.708     0.999988 39120.525
  63      1.143853   -0.002986    -6.582            1 39270.385
  64      1.142390   -0.001463    -6.714            1 39414.377
  65      1.136715   -0.005675    -8.949            1 39558.171
  66      1.135748   -0.000967    -8.871            1 39685.564
  67      1.133799   -0.001949    -9.284            1 39814.202
  68      1.132505   -0.001294    -9.376            1 39940.319
  69      1.131034   -0.001472    -9.560            1 40066.356
  70      1.130382   -0.000651    -9.335            1 40191.593
  71      1.129508   -0.000874    -9.219            1 40319.210
  72      1.126290   -0.003218   -10.286            1 40448.383
  73      1.124532   -0.001758   -10.632            1 40569.766
  74      1.122140   -0.002392   -11.306            1 40688.987
  75      1.120889   -0.001251   -11.412            1 40803.437
  76      1.117879   -0.003010   -12.414            1 40917.550
  77      1.117073   -0.000806   -12.310            1 41024.230
  78      1.115005   -0.002068   -12.849            1 41132.158
  79      1.113204   -0.001801   -13.260            1 41236.243
  80      1.112222   -0.000982   -13.258            1 41337.457
  81      1.110844   -0.001378   -13.459            1 41439.055
  82      1.110166   -0.000677   -13.305            1 41539.406
  83      1.107912   -0.002255   -13.960            1 41641.360
  84      1.105780   -0.002132   -14.562            1 41738.384
  85      1.104510   -0.001270   -14.728            1 41830.874
  86      1.103644   -0.000866   -14.689            1 41922.302
  87      1.102624   -0.001020   -14.729            1 42014.322
  88      1.101193   -0.001432   -14.984            1 42106.287
  89      1.100458   -0.000734   -14.881            1 42196.436
  90      1.099182   -0.001277   -15.059            1 42287.689
  91      1.098013   -0.001169   -15.184            1 42377.731
  92      1.094927   -0.003087   -16.310            1 42466.986
  93      1.093694   -0.001233   -16.485            1 42547.135
  94      1.093140   -0.000553   -16.308            1 42625.999
  95      1.091449   -0.001692   -16.724            1 42706.490
  96      1.089994   -0.001455   -17.023            1 42783.667
  97      1.089359   -0.000635   -16.896            1 42858.486
  98      1.088023   -0.001336   -17.136            1 42934.485
  99      1.086804   -0.001219   -17.318            1 43008.584
 100      1.085949   -0.000854   -17.311            1 43081.251
 101      1.085311   -0.000639   -17.191            1 43154.074
 102      1.081922   -0.003389   -18.519            1 43228.020
 103      1.081523   -0.000398   -18.287            1 43290.733
 104      1.080629   -0.000895   -18.315            1 43355.438
 105      1.079232   -0.001396   -18.608            1 43419.936
 106      1.077699   -0.001534   -18.978            1 43481.936
 107      1.076811   -0.000888   -19.012            1 43540.757
 108      1.076469   -0.000342   -18.756            1 43599.272
 109      1.075104   -0.001365   -19.041            1 43659.984
 110      1.073924   -0.001180   -19.231            1 43718.202
 111      1.073448   -0.000477   -19.051            1 43774.728
 112      1.072065   -0.001383   -19.350            1 43832.802
 113      1.071011   -0.001054   -19.478            1 43888.201
 114      1.069836   -0.001176   -19.673            1 43942.412
 115      1.068741   -0.001095   -19.827            1 43994.828
 116      1.067556   -0.001185   -20.032            1 44045.791
 117      1.066079   -0.001478   -20.396            1 44094.837
 118      1.064953   -0.001126   -20.577            1 44140.527
 119      1.064018   -0.000935   -20.658            1 44184.470
 120      1.063526   -0.000492   -20.503            1 44227.546
 121      1.062123   -0.001404   -20.835            1 44271.867
 122      1.061671   -0.000452   -20.662            1 44313.040
 123      1.060865   -0.000806   -20.676            1 44355.624
 124      1.058648   -0.002217   -21.447            1 44397.919
 125      1.058070   -0.000578   -21.349            1 44433.004
 126      1.057448   -0.000623   -21.273            1 44468.781
 127      1.056357   -0.001091   -21.449            1 44505.044
 128      1.056083   -0.000275   -21.188            1 44539.482
 129      1.054381   -0.001701   -21.691            1 44576.122
 130      1.054001   -0.000380   -21.490            1 44607.867
 131      1.053444   -0.000558   -21.382            1 44641.249
 132      1.053044   -0.000399   -21.188            1 44675.411
 133      1.051900   -0.001144   -21.393            1 44711.181
 134      1.051185   -0.000716   -21.370            1 44744.776
 135      1.050450   -0.000735   -21.357            1 44778.353
 136      1.049318   -0.001133   -21.559            1 44811.813
 137      1.047934   -0.001383   -21.899            1 44843.082
 138      1.047819   -0.000115   -21.558            1 44870.814
 139      1.047434   -0.000385   -21.359            1 44901.564
 140      1.045696   -0.001738   -21.890            1 44933.988
 141      1.044843   -0.000853   -21.948            1 44960.952
 142      1.043633   -0.001210   -22.200            1 44987.048
 143      1.042957   -0.000676   -22.166            1 45010.362
 144      1.042355   -0.000601   -22.092            1 45033.684
 145      1.040556   -0.001800   -22.666            1 45057.415
 146      1.039552   -0.001004   -22.815            1 45075.128
 147      1.039129   -0.000423   -22.653            1 45090.995
 148      1.038555   -0.000574   -22.570            1 45108.107
 149      1.037769   -0.000786   -22.601            1 45125.680
 150      1.036304   -0.001465   -23.000            1 45142.567
 151      1.035946   -0.000358   -22.805            1 45155.044
 152      1.034863   -0.001083   -23.000            1 45169.098
 153      1.034228   -0.000635   -22.955            1 45180.767
 154      1.033452   -0.000776   -22.986            1 45192.479
 155      1.032330   -0.001122   -23.205            1 45203.457
 156      1.030852   -0.001478   -23.620            1 45211.758
 157      1.030413   -0.000439   -23.476            1 45215.358
 158      1.029893   -0.000520   -23.374            1 45219.971
 159      1.028979   -0.000914   -23.486            1 45225.170
 160      1.028170   -0.000809   -23.541            1 45228.746
 161      1.027672   -0.000497   -23.428            1 45231.263
 162      1.027028   -0.000645   -23.395            1 45234.476
 163      1.026319   -0.000709   -23.395            1 45237.559
 164      1.025380   -0.000939   -23.521            1 45240.147
 165      1.024814   -0.000565   -23.445            1 45240.900
 166      1.024388   -0.000426   -23.294            1 45241.952
 167      1.023560   -0.000828   -23.358            1 45244.124
 168      1.022371   -0.001189   -23.619            1 45245.087
 169      1.021659   -0.000712   -23.625            1 45242.702
 170      1.021132   -0.000527   -23.531            1 45239.715
 171      1.020258   -0.000874   -23.623            1 45237.213
 172      1.019336   -0.000922   -23.743            1 45233.149
 173      1.017265   -0.002071   -24.488            1 45227.211
 174      1.017153   -0.000112   -24.178            1 45212.543
 175      1.016652   -0.000501   -24.076            1 45200.659
 176      1.015983   -0.000669   -24.064            1 45189.298
 177      1.015460   -0.000523   -23.972            1 45177.462
 178      1.014826   -0.000635   -23.941            1 45166.034
 179      1.014654   -0.000172   -23.658            1 45154.345
 180      1.012920   -0.001734   -24.219            1 45145.233
 181      1.012527   -0.000393   -24.060            1 45129.150
 182      1.012231   -0.000295   -23.845            1 45114.229
 183      1.011293   -0.000938   -23.977            1 45101.109
 184      1.010712   -0.000581   -23.917            1 45085.828
 185      1.010086   -0.000626   -23.881            1 45070.581
 186      1.009062   -0.001025   -24.060            1 45055.097
 187      1.008667   -0.000395   -23.900            1 45036.860
 188      1.007412   -0.001255   -24.205            1 45019.806
 189      1.007033   -0.000379   -24.038            1 44998.502
 190      1.006327   -0.000706   -24.047            1 44978.449
 191      1.005097   -0.001230   -24.339            1 44957.588
 192      1.004369   -0.000728   -24.363            1 44932.552
 193      1.003449   -0.000920   -24.491            1 44906.499
 194      1.002742   -0.000708   -24.506            1 44878.180
 195      1.001758   -0.000983   -24.669            1 44848.925
 196      1.000924   -0.000835   -24.755            1 44816.945
 197      1.000543   -0.000381   -24.596            1 44783.162
 198      0.999712   -0.000831   -24.679            1 44750.494
 199      0.998694   -0.001018   -24.863            1 44716.032
 200      0.997169   -0.001525   -25.322            1 44678.533
 201      0.996726   -0.000443   -25.203            1 44634.663
 202      0.995302   -0.001424   -25.611            1 44591.374
 203      0.994750   -0.000553   -25.555            1 44542.298
 204      0.994624   -0.000126   -25.269            1 44493.026
 205      0.993668   -0.000956   -25.425            1 44446.357
 206      0.992328   -0.001340   -25.789            1 44396.890
 207      0.992138   -0.000190   -25.540            1 44342.076
 208      0.991619   -0.000520   -25.465            1 44289.396
 209      0.991226   -0.000392   -25.322            1 44236.723
 210      0.989516   -0.001710   -25.882            1 44184.914
 211      0.989115   -0.000401   -25.747            1 44125.225
 212      0.988163   -0.000952   -25.906            1 44066.248
 213      0.987886   -0.000277   -25.705            1 44004.339
 214      0.986920   -0.000966   -25.870            1 43943.965
 215      0.986681   -0.000239   -25.650            1 43880.544
 216      0.986017   -0.000664   -25.653            1 43818.916
 217      0.985276   -0.000741   -25.697            1 43756.257
 218      0.984538   -0.000738   -25.740            1 43692.035
 219      0.983977   -0.000561   -25.690            1 43626.254
 220      0.983576   -0.000401   -25.554            1 43560.100
 221      0.981954   -0.001622   -26.063            1 43494.674
 222      0.980976   -0.000978   -26.237            1 43421.654
 223      0.980540   -0.000436   -26.125            1 43345.356
 224      0.980336   -0.000205   -25.890            1 43269.425
 225      0.979339   -0.000997   -26.071            1 43195.459
 226      0.978952   -0.000387   -25.931            1 43118.064
 227      0.978879   -0.000073   -25.625            1 43041.394
 228      0.978182   -0.000697   -25.645            1 42967.650
 229      0.977641   -0.000540   -25.582            1 42892.551
 230      0.977197   -0.000444   -25.468            1 42817.182
 231      0.976248   -0.000949   -25.617            1 42742.223
 232      0.975397   -0.000851   -25.717            1 42664.134
 233      0.974982   -0.000414   -25.588            1 42583.572
 234      0.973756   -0.001227   -25.883            1 42503.594
 235      0.973545   -0.000211   -25.651            1 42418.476
 236      0.972873   -0.000672   -25.656            1 42335.334
 237      0.971733   -0.001140   -25.905            1 42250.944
 238      0.971334   -0.000400   -25.771            1 42161.970
 239      0.970952   -0.000382   -25.627            1 42073.622
 240      0.969954   -0.000998   -25.800            1 41986.050
 241      0.969103   -0.000851   -25.899            1 41894.865
 242      0.968744   -0.000359   -25.744            1 41801.086
 243      0.968449   -0.000295   -25.555            1 41708.209
 244      0.967744   -0.000705   -25.575            1 41616.729
 245      0.966150   -0.001594   -26.054            1 41523.709
 246      0.965445   -0.000705   -26.079            1 41422.730
 247      0.965080   -0.000365   -25.929            1 41320.114
 248      0.964528   -0.000552   -25.874            1 41218.301
 249      0.963533   -0.000996   -26.045            1 41115.963
 250      0.962894   -0.000639   -26.036            1 41009.892
 251      0.962059   -0.000835   -26.126            1 40902.635
 252      0.961226   -0.000833   -26.216            1 40792.767
 253      0.959861   -0.001365   -26.577            1 40680.283
 254      0.959643   -0.000218   -26.358            1 40561.345
 255      0.959471   -0.000172   -26.114            1 40444.131
 256      0.958323   -0.001148   -26.361            1 40329.023
 257      0.957528   -0.000795   -26.432            1 40208.993
 258      0.957172   -0.000356   -26.282            1 40086.556
 259      0.956181   -0.000992   -26.451            1 39964.863
 260      0.955359   -0.000821   -26.535            1 39839.336
 261      0.954685   -0.000675   -26.546            1 39711.181
 262      0.954136   -0.000549   -26.493            1 39581.438
 263      0.953311   -0.000825   -26.578            1 39451.008
 264      0.952233   -0.001078   -26.790            1 39317.903
 265      0.951842   -0.000391   -26.661            1 39180.290
 266      0.951190   -0.000652   -26.661            1 39043.070
 267      0.950866   -0.000324   -26.497            1 38904.381
 268      0.950214   -0.000651   -26.493            1 38766.592
 269      0.949372   -0.000843   -26.584            1 38627.355
 270      0.948683   -0.000689   -26.600            1 38485.286
 271      0.948468   -0.000215   -26.382            1 38341.479
 272      0.947392   -0.001076   -26.584            1 38199.359
 273      0.946665   -0.000727   -26.617            1 38052.723
 274      0.946329   -0.000336   -26.459            1 37904.066
 275      0.945889   -0.000441   -26.350            1 37756.204
 276      0.945295   -0.000593   -26.314            1 37608.405
 277      0.945192   -0.000103   -26.040            1 37459.576
 278      0.944327   -0.000864   -26.131            1 37313.292
 279      0.943584   -0.000743   -26.165            1 37164.036
 280      0.942725   -0.000859   -26.254            1 37012.680
 281      0.942083   -0.000643   -26.239            1 36858.375
 282      0.940751   -0.001332   -26.554            1 36702.681
 283      0.940622   -0.000129   -26.296            1 36540.616
 284      0.939831   -0.000792   -26.351            1 36380.827
 285      0.939032   -0.000798   -26.410            1 36218.562
 286      0.938565   -0.000468   -26.312            1 36053.764
 287      0.938182   -0.000382   -26.173            1 35888.812
 288      0.937559   -0.000623   -26.145            1 35724.336
 289      0.936908   -0.000651   -26.130            1 35558.615
 290      0.935553   -0.001356   -26.444            1 35391.451
 291      0.934964   -0.000589   -26.402            1 35217.779
 292      0.934790   -0.000174   -26.166            1 35043.073
 293      0.933241   -0.001549   -26.567            1 34870.309
 294      0.932846   -0.000396   -26.435            1 34689.699
 295      0.932506   -0.000340   -26.276            1 34509.410
 296      0.931521   -0.000984   -26.413            1 34329.858
 297      0.931406   -0.000115   -26.151            1 34146.490
 298      0.931106   -0.000300   -25.971            1 33965.458
 299      0.930122   -0.000984   -26.101            1 33785.500
 300      0.929690   -0.000432   -25.980            1 33601.759
 301      0.929387   -0.000302   -25.799            1 33418.152
 302      0.928740   -0.000647   -25.773            1 33235.629
 303      0.928046   -0.000694   -25.766            1 33051.753
 304      0.927501   -0.000545   -25.692            1 32866.196
 305      0.926420   -0.001082   -25.856            1 32680.027
 306      0.925840   -0.000580   -25.798            1 32489.450
 307      0.925511   -0.000329   -25.627            1 32298.004
 308      0.925047   -0.000464   -25.514            1 32107.471
 309      0.923834   -0.001213   -25.730            1 31916.929
 310      0.923183   -0.000651   -25.700            1 31721.107
 311      0.922973   -0.000210   -25.476            1 31523.948
 312      0.922606   -0.000367   -25.318            1 31328.555
 313      0.922116   -0.000490   -25.211            1 31133.866
 314      0.921317   -0.000799   -25.237            1 30939.042
 315      0.920735   -0.000583   -25.170            1 30741.922
 316      0.920008   -0.000727   -25.162            1 30544.029
 317      0.919109   -0.000900   -25.228            1 30344.370
 318      0.918363   -0.000746   -25.229            1 30141.748
 319      0.917242   -0.001121   -25.387            1 29937.240
 320      0.917189   -0.000053   -25.095            1 29728.278
 321      0.916492   -0.000697   -25.070            1 29522.199
 322      0.915396   -0.001096   -25.212            1 29314.619
 323      0.914042   -0.001355   -25.462            1 29102.821
 324      0.913456   -0.000585   -25.393            1 28885.093
 325      0.913371   -0.000085   -25.116            1 28666.622
 326      0.912404   -0.000967   -25.200            1 28450.777
 327      0.912128   -0.000276   -24.999            1 28231.684
 328      0.911801   -0.000327   -24.818            1 28013.970
 329      0.911069   -0.000732   -24.798            1 27797.330
 330      0.910447   -0.000622   -24.734            1 27579.082
 331      0.909806   -0.000641   -24.675            1 27359.978
 332      0.908841   -0.000965   -24.745            1 27139.906
 333      0.908197   -0.000644   -24.687            1 26916.752
 334      0.907476   -0.000722   -24.658            1 26692.641
 335      0.906759   -0.000717   -24.626            1 26467.087
 336      0.906595   -0.000163   -24.375            1 26240.142
 337      0.905587   -0.001008   -24.452            1 26015.423
 338      0.904494   -0.001093   -24.561            1 25787.480
 339      0.903851   -0.000643   -24.496            1 25555.813
 340      0.903376   -0.000475   -24.364            1 25323.314
 341      0.903098   -0.000277   -24.155            1 25091.072
 342      0.902449   -0.000650   -24.086            1 24860.371
 343      0.901566   -0.000883   -24.103            1 24628.883
 344      0.900382   -0.001183   -24.232            1 24395.165
 345      0.899760   -0.000623   -24.151            1 24157.385
 346      0.899214   -0.000545   -24.039            1 23919.046
 347      0.898504   -0.000710   -23.986            1 23680.653
 348      0.897756   -0.000748   -23.946            1 23441.224
 349      0.896980   -0.000776   -23.914            1 23200.560
 350      0.896658   -0.000322   -23.716            1 22958.528
 351      0.896392   -0.000266   -23.495            1 22717.885
 352      0.895250   -0.001142   -23.587            1 22479.000
 353      0.894640   -0.000609   -23.487            1 22236.658
 354      0.894085   -0.000555   -23.366            1 21994.069
 355      0.893846   -0.000239   -23.133            1 21751.581
 356      0.891744   -0.002102   -23.547            1 21511.089
 357      0.891487   -0.000256   -23.321            1 21261.792
 358      0.890578   -0.000909   -23.317            1 21014.379
 359      0.889858   -0.000720   -23.248            1 20765.174
 360      0.889221   -0.000637   -23.148            1 20515.284
 361      0.888830   -0.000391   -22.963            1 20265.213
 362      0.888331   -0.000499   -22.811            1 20016.366
 363      0.887336   -0.000995   -22.823            1 19768.176
 364      0.886098   -0.001238   -22.912            1 19517.949
 365      0.885541   -0.000557   -22.778            1 19264.440
 366      0.885053   -0.000489   -22.618            1 19011.365
 367      0.884398   -0.000655   -22.510            1 18759.126
 368      0.883251   -0.001146   -22.557            1 18506.880
 369      0.882239   -0.001012   -22.559            1 18252.102
 370      0.881234   -0.001005   -22.557            1 17995.568
 371      0.880893   -0.000342   -22.346            1 17737.396
 372      0.880581   -0.000312   -22.123            1 17480.968
 373      0.879969   -0.000612   -21.989            1 17226.473
 374      0.879312   -0.000657   -21.867            1 16972.447
 375      0.878593   -0.000719   -21.761            1 16718.709
 376      0.877839   -0.000754   -21.663            1 16465.004
 377      0.877166   -0.000674   -21.538            1 16211.211
 378      0.876268   -0.000898   -21.477            1 15957.767
 379      0.876025   -0.000243   -21.222            1 15703.657
 380      0.875327   -0.000698   -21.096            1 15452.028
 381      0.874269   -0.001058   -21.070            1 15200.777
 382      0.872712   -0.001558   -21.182            1 14948.288
 383      0.872325   -0.000387   -20.964            1 14692.396
 384      0.872131   -0.000194   -20.690            1 14438.452
 385      0.871217   -0.000913   -20.610            1 14187.354
 386      0.870556   -0.000662   -20.459            1 13935.955
 387      0.869762   -0.000794   -20.340            1 13685.424
 388      0.868605   -0.001157   -20.314            1 13435.241
 389      0.868111   -0.000494   -20.112            1 13183.932
 390      0.867386   -0.000725   -19.966            1 12934.368
 391      0.866760   -0.000626   -19.792            1 12685.630
 392      0.865800   -0.000960   -19.699            1 12438.185
 393      0.865367   -0.000433   -19.471            1 12190.731
 394      0.863889   -0.001478   -19.497            1 11945.458
 395      0.863675   -0.000214   -19.212            1 11698.284
 396      0.862515   -0.001160   -19.151            1 11454.241
 397      0.861398   -0.001117   -19.076            1 11209.721
 398      0.860066   -0.001333   -19.049            1 10965.002
 399      0.859269   -0.000797   -18.893            1 10719.400
 400      0.858711   -0.000558   -18.678            1 10474.974
 401      0.858306   -0.000405   -18.426            1 10232.642
 402      0.856734   -0.001572   -18.429            1  9992.996
 403      0.855836   -0.000898   -18.280            1  9752.040
 404      0.854891   -0.000945   -18.137            1  9512.213
 405      0.854443   -0.000448   -17.884            1  9273.444
 406      0.853723   -0.000720   -17.684            1  9037.440
 407      0.853264   -0.000459   -17.426            1  8803.368
 408      0.852917   -0.000347   -17.141            1  8572.132
 409      0.851061   -0.001856   -17.155            1  8344.140
 410      0.850927   -0.000134   -16.823            1  8114.741
 411      0.848953   -0.001974   -16.844            1  7889.349
 412      0.848932   -0.000021   -16.487            1  7662.499
 413      0.847066   -0.001866   -16.472            1  7440.078
 414      0.845411   -0.001655   -16.411            1  7216.812
 415      0.844949   -0.000462   -16.130            1  6993.523
 416      0.843836   -0.001113   -15.959            1  6773.585
 417      0.843178   -0.000658   -15.703            1  6555.328
 418      0.842042   -0.001135   -15.523            1  6340.040
 419      0.840157   -0.001886   -15.464            1  6126.576
 420      0.839465   -0.000692   -15.201            1  5913.218
 421      0.838466   -0.000999   -14.982            1  5703.018
 422      0.837936   -0.000530   -14.684            1  5495.329
 423      0.837455   -0.000481   -14.372            1  5291.327
 424      0.836339   -0.001116   -14.150            1  5091.189
 425      0.835284   -0.001055   -13.913            1  4893.557
 426      0.834140   -0.001143   -13.681            1  4698.677
 427      0.833515   -0.000626   -13.369            1  4506.471
 428      0.832579   -0.000936   -13.094            1  4318.134
 429      0.831407   -0.001171   -12.842            1  4133.106
 430      0.829519   -0.001888   -12.675            1  3951.016
 431      0.827617   -0.001902   -12.500            1  3770.594
 432      0.825965   -0.001652   -12.286            1  3592.025
 433      0.824402   -0.001562   -12.051            1  3415.971
 434      0.823886   -0.000517   -11.687            1  3242.764
 435      0.822993   -0.000892   -11.356            1  3074.332
 436      0.822643   -0.000351   -10.957            1  2910.133
 437      0.821250   -0.001393   -10.659            1  2751.174
 438      0.820011   -0.001239   -10.333            1  2595.853
 439      0.818612   -0.001400   -10.013            1  2444.570
 440      0.815562   -0.003049    -9.835            1  2297.229
 441      0.813364   -0.002199    -9.566            1  2151.534
 442      0.811376   -0.001988    -9.264            1  2009.033
 443      0.810430   -0.000946    -8.861            1  1870.257
 444      0.808136   -0.002294    -8.551            1  1736.819
 445      0.807642   -0.000494    -8.085            1  1607.130
 446      0.802785   -0.004856    -7.923            1  1483.761
 447      0.798084   -0.004702    -7.729            1  1361.476
 448      0.793999   -0.004085    -7.470            1  1241.055
 449      0.792205   -0.001795    -7.044            1  1123.723
 450      0.791381   -0.000824    -6.538            1  1012.229
 451      0.788261   -0.003120    -6.133     0.999999   907.855
 452      0.777995   -0.010265    -6.068     0.999998   808.697
 453      0.777022   -0.000973    -5.516      0.99997   708.833
 454      0.774117   -0.002905    -5.015     0.999738   617.019
 455      0.767631   -0.006486        NA           NA        NA
 456      0.761504   -0.006126        NA           NA        NA
 457      0.757123   -0.004381        NA           NA        NA
 458      0.755469   -0.001654        NA           NA        NA
 459      0.749232   -0.006237        NA           NA        NA
 460      0.748051   -0.001182        NA           NA        NA
 461      0.639610   -0.108440        NA           NA        NA
 462      0.520378   -0.119232        NA           NA        NA
 463      0.515179   -0.005199        NA           NA        NA
    kurtosis           snps    indivs
 eigenvector    1     8.416    16.169
 eigenvector    2    84.520   297.354
 eigenvector    3    30.642    98.520
 eigenvector    4    19.811    61.684
 eigenvector    5    39.830   136.001
 eigenvector    6    23.962    74.669
 eigenvector    7    19.599    60.043
 eigenvector    8    16.435    49.334
 eigenvector    9    21.248    64.363
 eigenvector   10    22.434    68.531
population:   0                  CBC  227
population:   1                  UBC  237

## Average divergence between populations:
                  CBC        UBC     popsize
       CBC      0.993      1.000         227
       UBC      1.000      1.007         237


number of blocks for moving block jackknife: 521
fst *1000:
          C     U 
   C      0     0
   U      0     0

s.dev * 1000000:
          C     U 
   C      0    26
   U     26     0

eigenvector 1:means
                 UBC     -0.003
                 CBC      0.003
## Anova statistics for population differences along each eigenvector:
                                              p-value
                  eigenvector_1_CBC_UBC_      0.145649 
eigenvector 2:means
                 CBC     -0.000
                 UBC      0.000
                  eigenvector_2_CBC_UBC_      0.907283 
eigenvector 3:means
                 UBC     -0.000
                 CBC      0.000
                  eigenvector_3_CBC_UBC_      0.932751 
eigenvector 4:means
                 CBC     -0.003
                 UBC      0.003
                  eigenvector_4_CBC_UBC_      0.124204 
eigenvector 5:means
                 UBC     -0.002
                 CBC      0.002
                  eigenvector_5_CBC_UBC_      0.432567 
eigenvector 6:means
                 UBC     -0.000
                 CBC      0.001
                  eigenvector_6_CBC_UBC_      0.820788 
eigenvector 7:means
                 CBC     -0.000
                 UBC      0.000
                  eigenvector_7_CBC_UBC_      0.824851 
eigenvector 8:means
                 CBC     -0.001
                 UBC      0.001
                  eigenvector_8_CBC_UBC_      0.528218 
eigenvector 9:means
                 CBC     -0.003
                 UBC      0.003
                  eigenvector_9_CBC_UBC_      0.185844 
eigenvector 10:means
                 UBC     -0.002
                 CBC      0.002
                 eigenvector_10_CBC_UBC_      0.315369 

## Statistical significance of differences beween populations:
                                pop1                  pop2      chisq          p-value   |pop1|   |pop2|
popdifference:                   CBC                   UBC         8.419      0.587969     227     237

eigbestsnp    1         Var000203154 11    128442990     9.700
eigbestsnp    1         Var000195664 11     68358116     9.674
eigbestsnp    1         Var000252723 16       830689     9.400
eigbestsnp    1         Var000105085  5    156515868     8.749
eigbestsnp    1         Var000041617  2     74733329     8.397
eigbestsnp    1         Var000267861 17      1563889     8.015
eigbestsnp    1         Var000189527 11     44099413     7.868
eigbestsnp    1         Var000255070 16      3832959     7.864
eigbestsnp    1         Var000255067 16      3831187     7.840
eigbestsnp    1         Var000028491  1    207818658     7.749
eigbestsnp    2         Var000266421 16     88870972    17.031
eigbestsnp    2         Var000019544  1    154002393    13.460
eigbestsnp    2         Var000020384  1    156132838    13.460
eigbestsnp    2         Var000031110  1    228509829    13.460
eigbestsnp    2         Var000034136  2      3688837    13.460
eigbestsnp    2         Var000036851  2     29296583    13.460
eigbestsnp    2         Var000042518  2     88874605    13.460
eigbestsnp    2         Var000060777  3     15100892    13.460
eigbestsnp    2         Var000061676  3     32586496    13.460
eigbestsnp    2         Var000066758  3     53155720    13.460
eigbestsnp    3         Var000169482 10      5416111    14.042
eigbestsnp    3         Var000323141 21     37414176    12.438
eigbestsnp    3         Var000320903 20     61459319    11.358
eigbestsnp    3         Var000254270 16      2813957    10.895
eigbestsnp    3         Var000284074 17     76117147    10.705
eigbestsnp    3         Var000029601  1    218520315    10.403
eigbestsnp    3         Var000123103  6    131895456    10.209
eigbestsnp    3         Var000123151  6    131962602    10.103
eigbestsnp    3         Var000094874  5     38485971     9.704
eigbestsnp    3         Var000272205 17     12656111     9.431
eigbestsnp    4         Var000190792 11     55418593    12.041
eigbestsnp    4         Var000190772 11     55371410    11.531
eigbestsnp    4         Var000077499  3    187009801    11.130
eigbestsnp    4         Var000326719 22     21045658    10.862
eigbestsnp    4         Var000078101  3    194343959    10.294
eigbestsnp    4         Var000220497 12    124171610     9.878
eigbestsnp    4         Var000169482 10      5416111     9.456
eigbestsnp    4         Var000013316  1     78430391     9.155
eigbestsnp    4         Var000190796 11     55419073     9.057
eigbestsnp    4         Var000287116 18      8113558     9.056
eigbestsnp    5         Var000240460 15     22743365    12.499
eigbestsnp    5         Var000193682 11     64428581    11.837
eigbestsnp    5         Var000192187 11     60636640    11.824
eigbestsnp    5         Var000225432 13     74420281    11.799
eigbestsnp    5         Var000316947 20     33594363    11.798
eigbestsnp    5         Var000193343 11     63883856    11.477
eigbestsnp    5         Var000085481  4     81967102    11.397
eigbestsnp    5         Var000004914  1     21143942    10.821
eigbestsnp    5         Var000027197  1    202933747    10.821
eigbestsnp    5         Var000031255  1    228698269    10.821
eigbestsnp    6         Var000323141 21     37414176    14.197
eigbestsnp    6         Var000189527 11     44099413    12.734
eigbestsnp    6         Var000254270 16      2813957    12.313
eigbestsnp    6         Var000284074 17     76117147    12.275
eigbestsnp    6         Var000255640 16      5097882    10.469
eigbestsnp    6         Var000255644 16      5105306    10.457
eigbestsnp    6         Var000125049  6    152551631    10.378
eigbestsnp    6         Var000255646 16      5105359    10.297
eigbestsnp    6         Var000144121  8     11167105    10.055
eigbestsnp    6         Var000097902  5     79378940     9.685
eigbestsnp    7         Var000031221  1    228596105    12.101
eigbestsnp    7         Var000097840  5     79035095    11.671
eigbestsnp    7         Var000097902  5     79378940    11.184
eigbestsnp    7         Var000097932  5     79616938    11.124
eigbestsnp    7         Var000289530 18     43604634    10.421
eigbestsnp    7         Var000289535 18     43669618    10.399
eigbestsnp    7         Var000289545 18     43705690    10.399
eigbestsnp    7         Var000152143  8    120428816    10.198
eigbestsnp    7         Var000030835  1    228004967     9.678
eigbestsnp    7         Var000098059  5     80419590     9.483
eigbestsnp    8         Var000290629 18     56651227    11.047
eigbestsnp    8         Var000181487 10    124348703    10.384
eigbestsnp    8         Var000158775  9     72741089     8.861
eigbestsnp    8         Var000035108  2     20818884     8.817
eigbestsnp    8         Var000169202 10      1126338     8.496
eigbestsnp    8         Var000078356  3    195510214     8.361
eigbestsnp    8         Var000156324  9     14824088     8.346
eigbestsnp    8         Var000141567  7    148508818     8.189
eigbestsnp    8         Var000105490  5    161116566     8.009
eigbestsnp    8         Var000179162 10    103558746     7.861
eigbestsnp    9         Var000190792 11     55418593    11.798
eigbestsnp    9         Var000190772 11     55371410    11.290
eigbestsnp    9         Var000077499  3    187009801    11.000
eigbestsnp    9         Var000290629 18     56651227    10.970
eigbestsnp    9         Var000202614 11    124739280    10.420
eigbestsnp    9         Var000181487 10    124348703    10.415
eigbestsnp    9         Var000043987  2    102482998    10.250
eigbestsnp    9         Var000081820  4     25347205    10.150
eigbestsnp    9         Var000049480  2    175613042    10.072
eigbestsnp    9         Var000008468  1     39318004     9.279
eigbestsnp   10         Var000156892  9     21304891    10.925
eigbestsnp   10         Var000008468  1     39318004    10.445
eigbestsnp   10         Var000264425 16     77353693     9.240
eigbestsnp   10         Var000264430 16     77353802     9.219
eigbestsnp   10         Var000003914  1     17313391     9.107
eigbestsnp   10         Var000006440  1     26769179     8.892
eigbestsnp   10         Var000004004  1     17411207     8.822
eigbestsnp   10         Var000003970  1     17355150     8.749
eigbestsnp   10         Var000015573  1    109276068     8.749
eigbestsnp   10         Var000026407  1    200377094     8.749
eigenstrat output
##end of smartpca run
