parameter file: u01_wecare_all_variants_eigenstrat_default_outliers.par
### THE INPUT PARAMETERS
##PARAMETER NAME: VALUE
genotypename: /scratch/medgen/scripts/wecare_stat_01.17/interim_data/wecare_all_variants.geno
snpname: /scratch/medgen/scripts/wecare_stat_01.17/interim_data/wecare_all_variants.snp
indivname: /scratch/medgen/scripts/wecare_stat_01.17/interim_data/wecare.ind
evecoutname: /scratch/medgen/scripts/wecare_stat_01.17/interim_data/u01_wecare_all_variants_eigenstrat_default_outliers/u01_wecare_all_variants_eigenstrat_default_outliers.evec
evaloutname: /scratch/medgen/scripts/wecare_stat_01.17/interim_data/u01_wecare_all_variants_eigenstrat_default_outliers/u01_wecare_all_variants_eigenstrat_default_outliers.eval
genotypeoutname: /scratch/medgen/scripts/wecare_stat_01.17/interim_data/u01_wecare_all_variants_eigenstrat_default_outliers/u01_wecare_all_variants_eigenstrat_default_outliers.geno
snpoutname: /scratch/medgen/scripts/wecare_stat_01.17/interim_data/u01_wecare_all_variants_eigenstrat_default_outliers/u01_wecare_all_variants_eigenstrat_default_outliers.snp
indivoutname: /scratch/medgen/scripts/wecare_stat_01.17/interim_data/u01_wecare_all_variants_eigenstrat_default_outliers/u01_wecare_all_variants_eigenstrat_default_outliers.ind
outlieroutname: /scratch/medgen/scripts/wecare_stat_01.17/interim_data/u01_wecare_all_variants_eigenstrat_default_outliers/u01_wecare_all_variants_eigenstrat_default_outliers.outliers
outputformat: EIGENSTRAT
altnormstyle: NO
## smartpca version: 13050
norm used

*** warning.  genetic distances are in cM not Morgans
Var000015004	1	100.111956	100111956	A	G

number of samples used: 480 number of snps used: 218840
Using 15 threads, and partial sum lookup algorithm.
total number of snps killed in pass: 0  used: 218840
number of samples after outlier removal: 471
 snp         Var000000052 ignored . allelecnt:     0  missing:   119
 snp         Var000000202 ignored . allelecnt:     0  missing:    39
 snp         Var000000312 ignored . allelecnt:     0  missing:    27
 snp         Var000000500 ignored . allelecnt:     0  missing:     0
 snp         Var000000526 ignored . allelecnt:     0  missing:    51
 snp         Var000000573 ignored . allelecnt:     0  missing:    51
 snp         Var000000578 ignored . allelecnt:     0  missing:    85
 snp         Var000000596 ignored . allelecnt:     0  missing:     1
 snp         Var000000715 ignored . allelecnt:     0  missing:     0
 snp         Var000000758 ignored . allelecnt:     0  missing:     2
total number of snps killed in pass: 6244  used: 212596
number of samples after outlier removal: 460
total number of snps killed in pass: 11268  used: 207572
number of samples after outlier removal: 448
total number of snps killed in pass: 15808  used: 203032
number of samples after outlier removal: 435
total number of snps killed in pass: 20415  used: 198425
number of samples after outlier removal: 422
total number of snps killed in pass: 25071  used: 193769

## Tracy-Widom statistics: rows: 422  cols: 198425
  #N    eigenvalue  difference    twstat      p-value effect. n
   1      1.343255          NA    46.422  1.43776e-93 33541.517
   2      1.317638   -0.025617    37.068  2.59976e-67 34086.439
   3      1.298442   -0.019196    30.145  7.22356e-50 34549.667
   4      1.287684   -0.010758    26.717  6.45144e-42 34955.604
   5      1.271229   -0.016455    20.603  5.56464e-29 35336.244
   6      1.260130   -0.011099    16.707  1.18027e-21 35667.885
   7      1.257105   -0.003025    16.359    4.884e-21 35970.130
   8      1.250981   -0.006124    14.583   5.4313e-18 36272.850
   9      1.238846   -0.012135     9.997  5.60136e-11 36563.820
  10      1.235895   -0.002951     9.519  2.52307e-10 36819.495
  11      1.233292   -0.002603     9.187  7.02184e-10 37073.730
  12      1.224202   -0.009089     5.832  2.98045e-06 37327.678
  13      1.220659   -0.003543     4.980  2.39572e-05 37556.372
  14      1.216853   -0.003806     3.985  0.000227691 37780.146
  15      1.214050   -0.002803     3.436  0.000719282 37997.735
  16      1.212211   -0.001839     3.327  0.000895723 38212.677
  17      1.204533   -0.007677     0.453    0.0995907 38428.519
  18      1.203189   -0.001344     0.522    0.0914964 38622.680
  19      1.199511   -0.003678    -0.521       0.2815 38818.877
  20      1.197833   -0.001678    -0.631     0.310287 39008.083
  21      1.193187   -0.004646    -2.166     0.770675 39197.788
  22      1.191241   -0.001946    -2.436     0.835179 39376.366
  23      1.190189   -0.001052    -2.283     0.800022 39553.992
  24      1.186009   -0.004180    -3.638     0.981098 39734.111
  25      1.181234   -0.004775    -5.308     0.999922 39904.350
  26      1.178967   -0.002267    -5.793     0.999992 40062.116
  27      1.175541   -0.003426    -6.851            1 40216.928
  28      1.174352   -0.001190    -6.838            1 40364.112
  29      1.173822   -0.000530    -6.505            1 40512.246
  30      1.171171   -0.002651    -7.204            1 40663.970
  31      1.170503   -0.000668    -6.944            1 40810.829
  32      1.169304   -0.001198    -6.942            1 40960.676
  33      1.167854   -0.001450    -7.064            1 41111.414
  34      1.165274   -0.002580    -7.748            1 41261.999
  35      1.163730   -0.001543    -7.931            1 41407.692
  36      1.161914   -0.001816    -8.253            1 41552.651
  37      1.159750   -0.002165    -8.756            1 41695.676
  38      1.158913   -0.000837    -8.606            1 41835.210
  39      1.156526   -0.002387    -9.228            1 41976.765
  40      1.153521   -0.003005   -10.171            1 42113.735
  41      1.151263   -0.002258   -10.755            1 42243.341
  42      1.150266   -0.000997   -10.716            1 42368.585
  43      1.149113   -0.001153   -10.756            1 42494.739
  44      1.147591   -0.001522   -10.983            1 42621.134
  45      1.146098   -0.001494   -11.201            1 42746.146
  46      1.144035   -0.002063   -11.710            1 42869.836
  47      1.143328   -0.000707   -11.541            1 42989.636
  48      1.142710   -0.000618   -11.325            1 43111.431
  49      1.141551   -0.001159   -11.381            1 43235.666
  50      1.140058   -0.001492   -11.609            1 43359.951
  51      1.138121   -0.001938   -12.069            1 43482.745
  52      1.136392   -0.001728   -12.429            1 43601.947
  53      1.134819   -0.001574   -12.716            1 43718.408
  54      1.132291   -0.002527   -13.497            1 43832.746
  55      1.130681   -0.001610   -13.820            1 43940.489
  56      1.129241   -0.001440   -14.060            1 44045.710
  57      1.128484   -0.000757   -13.953            1 44149.117
  58      1.127537   -0.000947   -13.943            1 44253.834
  59      1.126412   -0.001125   -14.025            1 44358.993
  60      1.125850   -0.000563   -13.818            1 44463.747
  61      1.123077   -0.002773   -14.753            1 44570.762
  62      1.122018   -0.001059   -14.814            1 44669.460
  63      1.120939   -0.001079   -14.886            1 44767.880
  64      1.119573   -0.001366   -15.109            1 44865.907
  65      1.118461   -0.001112   -15.204            1 44962.120
  66      1.116288   -0.002173   -15.854            1 45057.696
  67      1.115372   -0.000915   -15.857            1 45147.406
  68      1.114105   -0.001267   -16.045            1 45237.287
  69      1.113520   -0.000585   -15.878            1 45325.591
  70      1.111995   -0.001525   -16.203            1 45415.662
  71      1.111582   -0.000413   -15.948            1 45502.823
  72      1.109160   -0.002422   -16.746            1 45592.601
  73      1.108107   -0.001053   -16.836            1 45674.868
  74      1.107692   -0.000415   -16.591            1 45756.394
  75      1.106200   -0.001492   -16.911            1 45840.413
  76      1.105095   -0.001105   -17.032            1 45921.438
  77      1.103566   -0.001529   -17.379            1 46001.390
  78      1.102394   -0.001172   -17.542            1 46078.034
  79      1.101650   -0.000745   -17.481            1 46153.143
  80      1.100919   -0.000731   -17.413            1 46228.903
  81      1.099088   -0.001831   -17.928            1 46305.400
  82      1.098721   -0.000367   -17.673            1 46376.819
  83      1.098054   -0.000667   -17.574            1 46450.814
  84      1.096355   -0.001699   -18.023            1 46525.842
  85      1.095917   -0.000437   -17.807            1 46596.357
  86      1.094080   -0.001837   -18.335            1 46669.075
  87      1.093272   -0.000808   -18.321            1 46736.426
  88      1.092394   -0.000878   -18.344            1 46803.894
  89      1.090933   -0.001460   -18.679            1 46871.097
  90      1.090327   -0.000606   -18.562            1 46934.810
  91      1.089841   -0.000486   -18.380            1 46999.674
  92      1.088709   -0.001131   -18.542            1 47066.388
  93      1.087764   -0.000945   -18.605            1 47131.365
  94      1.086587   -0.001178   -18.795            1 47195.612
  95      1.085732   -0.000855   -18.815            1 47257.784
  96      1.085351   -0.000381   -18.580            1 47319.665
  97      1.084375   -0.000977   -18.663            1 47383.974
  98      1.083391   -0.000983   -18.751            1 47447.315
  99      1.082361   -0.001031   -18.866            1 47509.621
 100      1.081629   -0.000732   -18.822            1 47570.583
 101      1.080869   -0.000759   -18.792            1 47631.923
 102      1.078678   -0.002191   -19.535            1 47693.482
 103      1.078171   -0.000507   -19.379            1 47746.757
 104      1.077690   -0.000482   -19.207            1 47801.588
 105      1.075919   -0.001771   -19.730            1 47858.168
 106      1.075386   -0.000533   -19.590            1 47908.769
 107      1.075114   -0.000272   -19.308            1 47960.732
 108      1.074015   -0.001099   -19.470            1 48015.688
 109      1.072946   -0.001069   -19.619            1 48068.630
 110      1.072056   -0.000890   -19.672            1 48119.690
 111      1.070791   -0.001265   -19.931            1 48169.935
 112      1.069628   -0.001164   -20.137            1 48217.006
 113      1.069538   -0.000089   -19.763            1 48261.465
 114      1.068534   -0.001005   -19.882            1 48309.990
 115      1.067347   -0.001187   -20.102            1 48356.891
 116      1.065701   -0.001646   -20.575            1 48400.973
 117      1.065053   -0.000648   -20.511            1 48439.262
 118      1.064965   -0.000088   -20.140            1 48477.991
 119      1.063757   -0.001208   -20.376            1 48520.774
 120      1.062791   -0.000967   -20.484            1 48560.464
 121      1.062393   -0.000398   -20.283            1 48598.556
 122      1.061399   -0.000994   -20.405            1 48638.728
 123      1.060342   -0.001057   -20.563            1 48677.111
 124      1.060017   -0.000325   -20.323            1 48713.245
 125      1.058999   -0.001018   -20.460            1 48751.943
 126      1.058414   -0.000585   -20.362            1 48788.626
 127      1.057483   -0.000931   -20.452            1 48826.160
 128      1.056619   -0.000864   -20.507            1 48862.224
 129      1.056063   -0.000556   -20.394            1 48897.241
 130      1.055149   -0.000914   -20.475            1 48933.291
 131      1.054291   -0.000858   -20.528            1 48967.934
 132      1.053030   -0.001261   -20.802            1 49001.526
 133      1.051849   -0.001181   -21.036            1 49031.243
 134      1.051542   -0.000307   -20.794            1 49057.561
 135      1.051108   -0.000434   -20.619            1 49086.511
 136      1.049808   -0.001300   -20.917            1 49117.272
 137      1.049026   -0.000782   -20.934            1 49143.748
 138      1.048009   -0.001017   -21.081            1 49169.530
 139      1.047062   -0.000946   -21.192            1 49192.923
 140      1.046822   -0.000241   -20.916            1 49214.383
 141      1.046067   -0.000755   -20.919            1 49238.956
 142      1.045147   -0.000920   -21.013            1 49262.989
 143      1.044817   -0.000329   -20.784            1 49285.263
 144      1.044014   -0.000803   -20.813            1 49310.084
 145      1.043581   -0.000433   -20.639            1 49334.006
 146      1.042698   -0.000884   -20.711            1 49359.774
 147      1.041949   -0.000749   -20.709            1 49384.051
 148      1.041248   -0.000701   -20.682            1 49407.818
 149      1.040281   -0.000966   -20.800            1 49431.432
 150      1.039405   -0.000876   -20.871            1 49452.863
 151      1.038013   -0.001392   -21.227            1 49472.750
 152      1.037630   -0.000382   -21.031            1 49487.096
 153      1.036210   -0.001420   -21.405            1 49503.573
 154      1.034937   -0.001274   -21.703            1 49514.192
 155      1.034611   -0.000326   -21.482            1 49519.983
 156      1.034433   -0.000178   -21.177            1 49528.209
 157      1.032935   -0.001497   -21.596            1 49540.109
 158      1.030649   -0.002286   -22.456            1 49545.358
 159      1.030540   -0.000109   -22.125            1 49537.697
 160      1.030131   -0.000409   -21.956            1 49533.963
 161      1.028185   -0.001946   -22.632            1 49531.894
 162      1.027842   -0.000343   -22.433            1 49519.362
 163      1.027647   -0.000195   -22.150            1 49508.874
 164      1.027550   -0.000097   -21.810            1 49501.677
 165      1.025194   -0.002357   -22.711            1 49498.667
 166      1.024909   -0.000284   -22.481            1 49481.672
 167      1.024664   -0.000245   -22.227            1 49467.179
 168      1.023889   -0.000775   -22.262            1 49455.581
 169      1.022753   -0.001136   -22.495            1 49442.617
 170      1.021799   -0.000954   -22.632            1 49425.306
 171      1.021268   -0.000532   -22.538            1 49405.068
 172      1.020464   -0.000803   -22.592            1 49385.331
 173      1.020159   -0.000305   -22.373            1 49363.863
 174      1.019715   -0.000444   -22.228            1 49344.789
 175      1.018983   -0.000732   -22.239            1 49327.011
 176      1.017379   -0.001604   -22.730            1 49308.132
 177      1.016938   -0.000440   -22.587            1 49280.750
 178      1.016618   -0.000320   -22.377            1 49254.579
 179      1.016025   -0.000593   -22.314            1 49230.691
 180      1.014231   -0.001795   -22.910            1 49206.806
 181      1.013195   -0.001035   -23.096            1 49172.592
 182      1.013149   -0.000046   -22.743            1 49134.420
 183      1.012742   -0.000407   -22.583            1 49100.733
 184      1.012188   -0.000554   -22.501            1 49068.527
 185      1.011124   -0.001064   -22.698            1 49036.565
 186      1.010720   -0.000404   -22.536            1 49000.371
 187      1.010463   -0.000256   -22.292            1 48965.696
 188      1.009764   -0.000700   -22.287            1 48933.909
 189      1.008980   -0.000784   -22.327            1 48901.115
 190      1.008762   -0.000218   -22.059            1 48866.547
 191      1.006997   -0.001766   -22.633            1 48835.310
 192      1.006641   -0.000355   -22.444            1 48793.411
 193      1.006284   -0.000357   -22.254            1 48753.482
 194      1.005028   -0.001257   -22.552            1 48715.577
 195      1.004352   -0.000676   -22.538            1 48671.475
 196      1.003052   -0.001300   -22.862            1 48626.414
 197      1.002675   -0.000377   -22.689            1 48574.642
 198      1.002390   -0.000285   -22.463            1 48524.559
 199      1.001623   -0.000767   -22.497            1 48477.074
 200      1.000784   -0.000839   -22.570            1 48427.755
 201      1.000656   -0.000128   -22.258            1 48375.894
 202      0.999984   -0.000672   -22.237            1 48328.177
 203      0.999252   -0.000732   -22.249            1 48279.537
 204      0.998066   -0.001187   -22.507            1 48229.392
 205      0.996406   -0.001659   -23.023            1 48173.363
 206      0.996056   -0.000351   -22.838            1 48106.868
 207      0.995497   -0.000558   -22.764            1 48042.232
 208      0.994757   -0.000740   -22.786            1 47977.517
 209      0.994227   -0.000530   -22.696            1 47910.982
 210      0.992387   -0.001840   -23.309            1 47844.645
 211      0.991930   -0.000457   -23.186            1 47765.852
 212      0.991596   -0.000334   -22.995            1 47687.770
 213      0.990111   -0.001485   -23.419            1 47611.633
 214      0.989387   -0.000724   -23.440            1 47526.300
 215      0.988626   -0.000761   -23.481            1 47439.035
 216      0.988600   -0.000027   -23.130            1 47349.457
 217      0.987868   -0.000731   -23.151            1 47264.717
 218      0.987160   -0.000708   -23.160            1 47178.003
 219      0.986462   -0.000698   -23.164            1 47089.520
 220      0.985593   -0.000869   -23.258            1 46999.357
 221      0.984361   -0.001232   -23.546            1 46905.795
 222      0.983483   -0.000878   -23.649            1 46805.204
 223      0.982578   -0.000906   -23.768            1 46701.002
 224      0.982283   -0.000294   -23.565            1 46592.875
 225      0.981844   -0.000439   -23.435            1 46486.834
 226      0.981671   -0.000173   -23.164            1 46381.496
 227      0.980653   -0.001017   -23.334            1 46279.584
 228      0.979232   -0.001421   -23.719            1 46172.649
 229      0.978905   -0.000326   -23.532            1 46056.579
 230      0.978350   -0.000556   -23.464            1 45942.272
 231      0.977843   -0.000507   -23.368            1 45827.463
 232      0.977012   -0.000831   -23.442            1 45712.667
 233      0.976858   -0.000154   -23.162            1 45594.593
 234      0.976493   -0.000365   -22.988            1 45480.134
 235      0.975377   -0.001116   -23.204            1 45367.231
 236      0.975114   -0.000263   -22.979            1 45248.147
 237      0.973974   -0.001140   -23.205            1 45131.644
 238      0.972958   -0.001016   -23.370            1 45008.668
 239      0.972393   -0.000565   -23.304            1 44880.434
 240      0.971960   -0.000433   -23.168            1 44751.563
 241      0.970940   -0.001020   -23.332            1 44623.440
 242      0.969932   -0.001008   -23.492            1 44489.973
 243      0.969701   -0.000231   -23.255            1 44351.232
 244      0.969343   -0.000358   -23.080            1 44215.268
 245      0.968218   -0.001124   -23.295            1 44080.826
 246      0.967839   -0.000379   -23.131            1 43939.879
 247      0.967066   -0.000773   -23.166            1 43800.205
 248      0.966520   -0.000546   -23.085            1 43657.687
 249      0.965624   -0.000896   -23.181            1 43514.706
 250      0.965330   -0.000295   -22.973            1 43367.559
 251      0.964258   -0.001072   -23.155            1 43222.605
 252      0.963004   -0.001254   -23.431            1 43071.608
 253      0.962792   -0.000212   -23.185            1 42912.586
 254      0.962323   -0.000468   -23.065            1 42756.517
 255      0.961354   -0.000969   -23.194            1 42600.751
 256      0.960860   -0.000495   -23.087            1 42439.958
 257      0.960200   -0.000660   -23.061            1 42279.167
 258      0.959451   -0.000749   -23.078            1 42116.632
 259      0.959005   -0.000446   -22.945            1 41951.393
 260      0.958439   -0.000565   -22.869            1 41786.695
 261      0.957646   -0.000793   -22.904            1 41621.285
 262      0.957068   -0.000579   -22.834            1 41452.709
 263      0.956313   -0.000755   -22.849            1 41283.274
 264      0.955247   -0.001066   -23.016            1 41111.080
 265      0.954862   -0.000385   -22.852            1 40932.734
 266      0.954278   -0.000584   -22.782            1 40755.570
 267      0.953211   -0.001067   -22.946            1 40577.473
 268      0.953124   -0.000087   -22.637            1 40393.191
 269      0.952258   -0.000866   -22.700            1 40213.353
 270      0.951529   -0.000729   -22.697            1 40029.536
 271      0.950997   -0.000531   -22.599            1 39843.210
 272      0.950509   -0.000488   -22.479            1 39656.539
 273      0.949906   -0.000603   -22.411            1 39470.023
 274      0.949406   -0.000500   -22.294            1 39282.434
 275      0.948195   -0.001211   -22.511            1 39094.920
 276      0.947964   -0.000231   -22.268            1 38899.653
 277      0.946896   -0.001068   -22.416            1 38707.391
 278      0.945939   -0.000957   -22.512            1 38508.938
 279      0.945600   -0.000339   -22.319            1 38305.489
 280      0.944976   -0.000624   -22.257            1 38103.825
 281      0.943842   -0.001133   -22.431            1 37900.855
 282      0.942753   -0.001090   -22.586            1 37690.965
 283      0.942053   -0.000700   -22.561            1 37474.617
 284      0.941749   -0.000303   -22.353            1 37256.038
 285      0.941438   -0.000311   -22.146            1 37039.579
 286      0.940065   -0.001373   -22.421            1 36825.235
 287      0.939698   -0.000367   -22.240            1 36601.381
 288      0.939121   -0.000577   -22.152            1 36378.984
 289      0.937950   -0.001171   -22.331            1 36155.792
 290      0.937324   -0.000626   -22.266            1 35925.327
 291      0.936459   -0.000865   -22.306            1 35693.503
 292      0.936296   -0.000163   -22.032            1 35457.741
 293      0.935440   -0.000856   -22.063            1 35225.689
 294      0.935353   -0.000088   -21.753            1 34989.853
 295      0.934477   -0.000876   -21.787            1 34758.652
 296      0.933715   -0.000762   -21.771            1 34523.518
 297      0.932856   -0.000859   -21.796            1 34285.704
 298      0.931821   -0.001035   -21.898            1 34044.162
 299      0.931255   -0.000566   -21.796            1 33796.974
 300      0.931082   -0.000172   -21.521            1 33549.219
 301      0.929934   -0.001148   -21.664            1 33305.233
 302      0.929001   -0.000933   -21.714            1 33054.461
 303      0.927855   -0.001146   -21.855            1 32799.234
 304      0.927619   -0.000236   -21.609            1 32537.293
 305      0.926892   -0.000727   -21.569            1 32278.365
 306      0.925863   -0.001029   -21.653            1 32017.259
 307      0.925287   -0.000576   -21.548            1 31750.785
 308      0.924881   -0.000406   -21.370            1 31483.760
 309      0.924075   -0.000806   -21.355            1 31218.031
 310      0.923408   -0.000667   -21.281            1 30949.405
 311      0.922805   -0.000603   -21.180            1 30679.378
 312      0.921579   -0.001226   -21.330            1 30408.657
 313      0.921371   -0.000208   -21.068            1 30130.724
 314      0.920526   -0.000845   -21.059            1 29856.260
 315      0.918918   -0.001608   -21.355            1 29578.659
 316      0.918637   -0.000281   -21.122            1 29290.064
 317      0.917935   -0.000702   -21.054            1 29004.154
 318      0.916690   -0.001245   -21.197            1 28716.670
 319      0.916099   -0.000591   -21.084            1 28422.121
 320      0.915966   -0.000134   -20.791            1 28127.171
 321      0.915172   -0.000794   -20.750            1 27836.505
 322      0.914049   -0.001123   -20.833            1 27543.516
 323      0.912921   -0.001128   -20.917            1 27244.935
 324      0.912425   -0.000496   -20.761            1 26940.795
 325      0.912014   -0.000411   -20.570            1 26637.379
 326      0.911004   -0.001010   -20.600            1 26335.584
 327      0.910258   -0.000746   -20.531            1 26029.588
 328      0.909436   -0.000822   -20.487            1 25722.024
 329      0.908954   -0.000482   -20.317            1 25412.214
 330      0.908165   -0.000790   -20.256            1 25103.486
 331      0.907463   -0.000702   -20.161            1 24792.946
 332      0.907120   -0.000343   -19.935            1 24481.495
 333      0.906244   -0.000876   -19.895            1 24172.618
 334      0.905318   -0.000927   -19.871            1 23861.309
 335      0.904092   -0.001225   -19.949            1 23547.163
 336      0.903811   -0.000281   -19.698            1 23227.487
 337      0.902488   -0.001323   -19.801            1 22911.082
 338      0.902376   -0.000112   -19.491            1 22588.458
 339      0.901766   -0.000610   -19.345            1 22270.724
 340      0.900898   -0.000868   -19.282            1 21953.435
 341      0.899505   -0.001393   -19.391            1 21634.325
 342      0.898778   -0.000727   -19.279            1 21308.796
 343      0.898214   -0.000564   -19.111            1 20982.862
 344      0.896658   -0.001556   -19.260            1 20658.028
 345      0.896519   -0.000139   -18.954            1 20325.801
 346      0.895535   -0.000984   -18.911            1 19998.424
 347      0.895195   -0.000339   -18.664            1 19668.784
 348      0.894364   -0.000831   -18.565            1 19342.427
 349      0.894257   -0.000107   -18.240            1 19015.294
 350      0.893022   -0.001235   -18.255            1 18693.556
 351      0.891578   -0.001444   -18.330            1 18367.864
 352      0.890918   -0.000660   -18.168            1 18036.681
 353      0.890420   -0.000498   -17.955            1 17706.504
 354      0.889849   -0.000571   -17.759            1 17378.725
 355      0.888731   -0.001117   -17.717            1 17052.857
 356      0.887107   -0.001624   -17.816            1 16724.671
 357      0.886012   -0.001096   -17.763            1 16390.428
 358      0.885228   -0.000784   -17.619            1 16054.388
 359      0.884613   -0.000614   -17.425            1 15719.018
 360      0.884051   -0.000562   -17.213            1 15385.682
 361      0.882306   -0.001745   -17.312            1 15054.865
 362      0.881440   -0.000866   -17.176            1 14718.180
 363      0.880175   -0.001265   -17.140            1 14382.084
 364      0.879751   -0.000424   -16.883            1 14043.988
 365      0.879381   -0.000370   -16.607            1 13709.761
 366      0.878944   -0.000437   -16.344            1 13379.874
 367      0.878396   -0.000548   -16.103            1 13053.984
 368      0.876931   -0.001465   -16.079            1 12731.461
 369      0.875189   -0.001742   -16.117            1 12406.371
 370      0.874274   -0.000915   -15.956            1 12077.242
 371      0.873555   -0.000719   -15.743            1 11749.541
 372      0.872146   -0.001409   -15.683            1 11424.632
 373      0.871528   -0.000618   -15.440            1 11098.506
 374      0.869522   -0.002006   -15.496            1 10776.058
 375      0.869022   -0.000500   -15.221            1 10449.465
 376      0.868051   -0.000971   -15.041            1 10127.509
 377      0.867627   -0.000424   -14.740            1  9807.719
 378      0.865902   -0.001725   -14.700            1  9493.237
 379      0.865210   -0.000692   -14.445            1  9177.253
 380      0.863722   -0.001488   -14.341            1  8865.445
 381      0.863343   -0.000378   -14.016            1  8553.934
 382      0.862780   -0.000563   -13.720            1  8248.484
 383      0.861420   -0.001360   -13.563            1  7948.315
 384      0.860580   -0.000840   -13.305            1  7649.718
 385      0.859131   -0.001449   -13.147            1  7355.408
 386      0.858847   -0.000284   -12.781            1  7062.761
 387      0.857257   -0.001590   -12.626            1  6777.317
 388      0.856851   -0.000405   -12.268            1  6493.378
 389      0.854607   -0.002244   -12.195            1  6216.415
 390      0.852089   -0.002518   -12.154            1  5938.731
 391      0.850953   -0.001136   -11.894            1  5659.801
 392      0.849194   -0.001759   -11.716            1  5385.540
 393      0.848810   -0.000385   -11.332            1  5113.883
 394      0.847961   -0.000848   -11.002            1  4850.179
 395      0.847730   -0.000231   -10.580            1  4592.930
 396      0.846235   -0.001495   -10.310            1  4344.574
 397      0.844425   -0.001811   -10.067            1  4100.848
 398      0.842526   -0.001899    -9.821            1  3861.018
 399      0.840733   -0.001793    -9.549            1  3625.206
 400      0.839389   -0.001344    -9.212            1  3394.179
 401      0.836742   -0.002647    -9.000            1  3169.731
 402      0.835329   -0.001413    -8.643            1  2948.355
 403      0.833922   -0.001407    -8.270            1  2734.162
 404      0.832413   -0.001509    -7.887            1  2527.577
 405      0.828077   -0.004336    -7.737            1  2328.766
 406      0.823752   -0.004324    -7.562            1  2130.819
 407      0.818730   -0.005022    -7.417            1  1934.940
 408      0.816538   -0.002192    -7.029            1  1740.870
 409      0.814448   -0.002090    -6.608            1  1555.553
 410      0.812268   -0.002180    -6.165     0.999999  1379.799
 411      0.805439   -0.006828    -5.973     0.999997  1214.100
 412      0.800600   -0.004839    -5.626     0.999982  1051.351
 413      0.799365   -0.001236        NA           NA        NA
 414      0.791373   -0.007992        NA           NA        NA
 415      0.784742   -0.006630        NA           NA        NA
 416      0.782999   -0.001743        NA           NA        NA
 417      0.779275   -0.003724        NA           NA        NA
 418      0.773748   -0.005527        NA           NA        NA
 419      0.771338   -0.002410        NA           NA        NA
 420      0.664373   -0.106965        NA           NA        NA
 421      0.536128   -0.128245        NA           NA        NA
    kurtosis           snps    indivs
 eigenvector    1    23.994    71.318
 eigenvector    2    15.125    10.425
 eigenvector    3    30.865    97.604
 eigenvector    4    13.636    30.815
 eigenvector    5    13.290    33.726
 eigenvector    6     9.649    24.104
 eigenvector    7    38.727   121.939
 eigenvector    8    25.909    78.069
 eigenvector    9    14.574    38.395
 eigenvector   10    12.935    35.681
population:   0                  CBC  211
population:   1                  UBC  211

## Average divergence between populations:
                  CBC        UBC     popsize
       CBC      1.003      1.000         211
       UBC      1.000      0.997         211


number of blocks for moving block jackknife: 521
fst *1000:
          C     U 
   C      0     0
   U      0     0

s.dev * 1000000:
          C     U 
   C      0    30
   U     30     0

eigenvector 1:means
                 CBC     -0.001
                 UBC      0.001
## Anova statistics for population differences along each eigenvector:
                                              p-value
                  eigenvector_1_CBC_UBC_      0.765814 
eigenvector 2:means
                 UBC     -0.001
                 CBC      0.001
                  eigenvector_2_CBC_UBC_       0.59443 
eigenvector 3:means
                 CBC     -0.001
                 UBC      0.001
                  eigenvector_3_CBC_UBC_      0.631242 
eigenvector 4:means
                 UBC     -0.002
                 CBC      0.002
                  eigenvector_4_CBC_UBC_      0.448001 
eigenvector 5:means
                 UBC     -0.004
                 CBC      0.004
                  eigenvector_5_CBC_UBC_      0.128215 
eigenvector 6:means
                 CBC     -0.001
                 UBC      0.001
                  eigenvector_6_CBC_UBC_      0.656241 
eigenvector 7:means
                 CBC     -0.002
                 UBC      0.002
                  eigenvector_7_CBC_UBC_      0.370553 
eigenvector 8:means
                 UBC     -0.000
                 CBC      0.000
                  eigenvector_8_CBC_UBC_       0.84357 
eigenvector 9:means
                 UBC     -0.004
                 CBC      0.004
                  eigenvector_9_CBC_UBC_     0.0633253 
eigenvector 10:means
                 UBC     -0.002
                 CBC      0.002
                 eigenvector_10_CBC_UBC_      0.381088 

## Statistical significance of differences beween populations:
                                pop1                  pop2      chisq          p-value   |pop1|   |pop2|
popdifference:                   CBC                   UBC         8.799      0.551326     211     211

eigbestsnp    1         Var000306629 19     45296914    15.045
eigbestsnp    1         Var000063717  3     45817328    11.574
eigbestsnp    1         Var000063689  3     45772831    11.441
eigbestsnp    1         Var000080485  4      6302799    11.070
eigbestsnp    1         Var000227538 13    113979972    11.070
eigbestsnp    1         Var000258245 16     24950845    11.012
eigbestsnp    1         Var000231885 14     52495481    10.993
eigbestsnp    1         Var000231889 14     52496387    10.980
eigbestsnp    1         Var000017207  1    117715776    10.889
eigbestsnp    1         Var000112009  6     31110759    10.686
eigbestsnp    2         Var000190768 11     55371132    13.059
eigbestsnp    2         Var000190789 11     55406524    13.034
eigbestsnp    2         Var000190795 11     55418963    12.434
eigbestsnp    2         Var000190747 11     55339740    12.430
eigbestsnp    2         Var000190745 11     55339704    12.424
eigbestsnp    2         Var000190746 11     55339712    12.409
eigbestsnp    2         Var000190730 11     55322606    12.386
eigbestsnp    2         Var000190841 11     55587212    12.334
eigbestsnp    2         Var000190719 11     55322099    12.226
eigbestsnp    2         Var000190724 11     55322422    12.200
eigbestsnp    3         Var000024702  1    180044304    12.874
eigbestsnp    3         Var000009336  1     43396501    10.437
eigbestsnp    3         Var000014062  1     89657020    10.437
eigbestsnp    3         Var000028694  1    209803124    10.437
eigbestsnp    3         Var000030584  1    226567900    10.437
eigbestsnp    3         Var000031278  1    229462617    10.437
eigbestsnp    3         Var000038520  2     44502740    10.437
eigbestsnp    3         Var000046148  2    135908007    10.437
eigbestsnp    3         Var000048772  2    170101164    10.437
eigbestsnp    3         Var000052378  2    201371619    10.437
eigbestsnp    4         Var000001805  1      8029511    10.193
eigbestsnp    4         Var000190768 11     55371132     9.319
eigbestsnp    4         Var000190889 11     55681942     9.232
eigbestsnp    4         Var000190881 11     55681375     9.231
eigbestsnp    4         Var000190882 11     55681416     9.231
eigbestsnp    4         Var000190789 11     55406524     9.116
eigbestsnp    4         Var000190885 11     55681580     9.024
eigbestsnp    4         Var000190795 11     55418963     8.963
eigbestsnp    4         Var000190877 11     55681149     8.940
eigbestsnp    4         Var000190899 11     55703650     8.567
eigbestsnp    5         Var000269979 17      6683871     9.587
eigbestsnp    5         Var000111195  6     30032522     8.171
eigbestsnp    5         Var000137555  7    107414419     8.157
eigbestsnp    5         Var000111534  6     30652781     8.115
eigbestsnp    5         Var000112258  6     31498244     8.108
eigbestsnp    5         Var000111980  6     31085356     8.105
eigbestsnp    5         Var000111494  6     30611350     8.076
eigbestsnp    5         Var000306629 19     45296914     8.076
eigbestsnp    5         Var000110925  6     29523957     8.074
eigbestsnp    5         Var000111643  6     30782002     8.044
eigbestsnp    6         Var000001532  1      6530423     9.799
eigbestsnp    6         Var000046122  2    135756378     7.863
eigbestsnp    6         Var000133526  7     80091602     7.409
eigbestsnp    6         Var000136784  7    101267298     7.351
eigbestsnp    6         Var000122960  6    129835460     7.307
eigbestsnp    6         Var000329003 22     31008882     7.176
eigbestsnp    6         Var000113407  6     32610529     7.091
eigbestsnp    6         Var000222362 13     25285559     7.064
eigbestsnp    6         Var000056900  2    233431496     7.022
eigbestsnp    6         Var000073307  3    133896935     6.807
eigbestsnp    7         Var000073307  3    133896935    15.929
eigbestsnp    7         Var000285513 17     79427389    14.147
eigbestsnp    7         Var000261235 16     57416472    11.966
eigbestsnp    7         Var000008204  1     36936994    11.515
eigbestsnp    7         Var000018549  1    151039799    11.515
eigbestsnp    7         Var000030717  1    227172236    11.515
eigbestsnp    7         Var000035889  2     26689571    11.515
eigbestsnp    7         Var000054230  2    216259308    11.515
eigbestsnp    7         Var000083088  4     48496243    11.515
eigbestsnp    7         Var000102982  5    140790088    11.515
eigbestsnp    8         Var000001532  1      6530423    15.946
eigbestsnp    8         Var000123652  6    136944063    11.107
eigbestsnp    8         Var000304970 19     40902608    10.786
eigbestsnp    8         Var000029524  1    216465694    10.773
eigbestsnp    8         Var000304817 19     40556245    10.735
eigbestsnp    8         Var000024846  1    181058031    10.113
eigbestsnp    8         Var000028726  1    209824275    10.113
eigbestsnp    8         Var000041072  2     73118605    10.113
eigbestsnp    8         Var000054127  2    216184451    10.113
eigbestsnp    8         Var000058336  2    241463461    10.113
eigbestsnp    9         Var000112009  6     31110759    12.171
eigbestsnp    9         Var000067563  3     58135716    12.109
eigbestsnp    9         Var000112240  6     31475055    11.277
eigbestsnp    9         Var000050755  2    179666982    10.223
eigbestsnp    9         Var000022207  1    160922421    10.017
eigbestsnp    9         Var000050346  2    179550069     8.668
eigbestsnp    9         Var000050726  2    179656977     8.631
eigbestsnp    9         Var000186422 11      7723002     8.345
eigbestsnp    9         Var000050437  2    179582824     8.340
eigbestsnp    9         Var000050679  2    179642589     8.270
eigbestsnp   10         Var000066262  3     52453845     8.133
eigbestsnp   10         Var000135815  7     99753604     7.859
eigbestsnp   10         Var000184605 11      3681482     7.166
eigbestsnp   10         Var000003278  1     15772212     7.162
eigbestsnp   10         Var000205623 12      7351732     6.985
eigbestsnp   10         Var000143584  8      3807438     6.955
eigbestsnp   10         Var000309936 19     52380567     6.919
eigbestsnp   10         Var000245352 15     55838386     6.912
eigbestsnp   10         Var000223283 13     32913077     6.791
eigbestsnp   10         Var000161409  9    101983363     6.688
eigenstrat output
##end of smartpca run
