parameter file: u01_wecare_common_variants_eigenstrat_default_outliers.par
### THE INPUT PARAMETERS
##PARAMETER NAME: VALUE
genotypename: /scratch/medgen/scripts/wecare_stat_01.17/interim_data/wecare_common_variants.geno
snpname: /scratch/medgen/scripts/wecare_stat_01.17/interim_data/wecare_common_variants.snp
indivname: /scratch/medgen/scripts/wecare_stat_01.17/interim_data/wecare.ind
evecoutname: /scratch/medgen/scripts/wecare_stat_01.17/interim_data/u01_wecare_common_variants_eigenstrat_default_outliers/u01_wecare_common_variants_eigenstrat_default_outliers.evec
evaloutname: /scratch/medgen/scripts/wecare_stat_01.17/interim_data/u01_wecare_common_variants_eigenstrat_default_outliers/u01_wecare_common_variants_eigenstrat_default_outliers.eval
genotypeoutname: /scratch/medgen/scripts/wecare_stat_01.17/interim_data/u01_wecare_common_variants_eigenstrat_default_outliers/u01_wecare_common_variants_eigenstrat_default_outliers.geno
snpoutname: /scratch/medgen/scripts/wecare_stat_01.17/interim_data/u01_wecare_common_variants_eigenstrat_default_outliers/u01_wecare_common_variants_eigenstrat_default_outliers.snp
indivoutname: /scratch/medgen/scripts/wecare_stat_01.17/interim_data/u01_wecare_common_variants_eigenstrat_default_outliers/u01_wecare_common_variants_eigenstrat_default_outliers.ind
outlieroutname: /scratch/medgen/scripts/wecare_stat_01.17/interim_data/u01_wecare_common_variants_eigenstrat_default_outliers/u01_wecare_common_variants_eigenstrat_default_outliers.outliers
outputformat: EIGENSTRAT
altnormstyle: NO
## smartpca version: 13050
norm used

*** warning.  genetic distances are in cM not Morgans
Var000015004	1	100.111956	100111956	A	G

number of samples used: 480 number of snps used: 43696
Using 15 threads, and partial sum lookup algorithm.
total number of snps killed in pass: 0  used: 43696
number of samples after outlier removal: 477
total number of snps killed in pass: 0  used: 43696
number of samples after outlier removal: 473
total number of snps killed in pass: 0  used: 43696

## Tracy-Widom statistics: rows: 473  cols: 43696
  #N    eigenvalue  difference    twstat      p-value effect. n
   1      2.564801          NA   196.734            0  8283.130
   2      1.948689   -0.616111    89.721 4.02691e-248  9012.161
   3      1.834823   -0.113866    70.521 1.67902e-173  9280.843
   4      1.596198   -0.238625    23.655  3.12401e-35  9492.160
   5      1.585700   -0.010499    22.652  3.94946e-33  9579.612
   6      1.558478   -0.027222    18.059  4.13542e-24  9665.798
   7      1.538377   -0.020101    14.832  2.07775e-18  9742.689
   8      1.525082   -0.013295    12.966  2.25579e-15  9813.353
   9      1.515536   -0.009546    11.851  1.16984e-13  9880.701
  10      1.488326   -0.027210     6.870  1.94059e-07  9946.301
  11      1.480847   -0.007480     6.057  1.67656e-06 10002.101
  12      1.476560   -0.004287     5.920  2.38268e-06 10056.691
  13      1.469491   -0.007069     5.164  1.54496e-05 10111.432
  14      1.462969   -0.006523     4.509  7.14107e-05 10165.053
  15      1.454788   -0.008181     3.468   0.00067414 10217.743
  16      1.453289   -0.001498     3.887  0.000281076 10268.695
  17      1.445612   -0.007677     2.932   0.00194455 10320.891
  18      1.441625   -0.003987     2.781      0.00259 10371.501
  19      1.437671   -0.003954     2.631   0.00342091 10422.169
  20      1.431583   -0.006088     1.994    0.0105145 10472.896
  21      1.418292   -0.013291    -0.296     0.227872 10522.656
  22      1.417133   -0.001159     0.127     0.146213 10568.013
  23      1.415817   -0.001315     0.520    0.0916823 10614.549
  24      1.406376   -0.009441    -0.944     0.399282 10662.227
  25      1.404767   -0.001609    -0.638     0.312175 10707.159
  26      1.397079   -0.007687    -1.732     0.646557 10753.030
  27      1.394634   -0.002445    -1.636      0.61659 10796.900
  28      1.388943   -0.005692    -2.294     0.802589 10841.257
  29      1.385064   -0.003879    -2.545     0.857633 10884.506
  30      1.381150   -0.003914    -2.810     0.904303 10927.496
  31      1.375994   -0.005156    -3.375     0.966104 10970.190
  32      1.374316   -0.001678    -3.133     0.945277 11011.944
  33      1.372748   -0.001568    -2.862     0.911951 11054.473
  34      1.368819   -0.003928    -3.146     0.946675 11097.851
  35      1.365759   -0.003060    -3.232     0.954771 11140.879
  36      1.363276   -0.002483    -3.184     0.950321 11183.986
  37      1.360081   -0.003195    -3.306     0.960987 11227.466
  38      1.354324   -0.005757    -4.049     0.993379 11270.944
  39      1.350210   -0.004114    -4.411     0.997752 11313.039
  40      1.345232   -0.004978    -4.991     0.999713 11354.580
  41      1.338992   -0.006240    -5.890     0.999995 11395.074
  42      1.335498   -0.003494    -6.140     0.999999 11433.804
  43      1.332988   -0.002510    -6.156     0.999999 11472.195
  44      1.328880   -0.004108    -6.564            1 11510.763
  45      1.327032   -0.001848    -6.427            1 11548.628
  46      1.324200   -0.002832    -6.531            1 11587.006
  47      1.322431   -0.001769    -6.377            1 11625.359
  48      1.318577   -0.003854    -6.736            1 11664.275
  49      1.316466   -0.002111    -6.671            1 11702.580
  50      1.312679   -0.003787    -7.023            1 11741.243
  51      1.311744   -0.000935    -6.672            1 11779.300
  52      1.306523   -0.005221    -7.387            1 11818.381
  53      1.303715   -0.002808    -7.511            1 11856.000
  54      1.302009   -0.001706    -7.363            1 11893.525
  55      1.298533   -0.003477    -7.659            1 11931.598
  56      1.296051   -0.002481    -7.710            1 11969.170
  57      1.294779   -0.001272    -7.457            1 12006.816
  58      1.293898   -0.000882    -7.102            1 12045.267
  59      1.285515   -0.008383    -8.652            1 12084.784
  60      1.283021   -0.002494    -8.727            1 12120.754
  61      1.281420   -0.001601    -8.577            1 12156.720
  62      1.278621   -0.002799    -8.732            1 12193.231
  63      1.277019   -0.001602    -8.583            1 12229.543
  64      1.270362   -0.006657    -9.737            1 12266.402
  65      1.269746   -0.000616    -9.351            1 12300.602
  66      1.266910   -0.002836    -9.534            1 12335.915
  67      1.265638   -0.001272    -9.315            1 12370.943
  68      1.265143   -0.000495    -8.891            1 12406.684
  69      1.263065   -0.002078    -8.873            1 12443.670
  70      1.259576   -0.003489    -9.226            1 12480.883
  71      1.258672   -0.000904    -8.908            1 12517.376
  72      1.256554   -0.002118    -8.905            1 12554.867
  73      1.254152   -0.002402    -8.978            1 12592.552
  74      1.249465   -0.004687    -9.658            1 12630.235
  75      1.247392   -0.002073    -9.658            1 12666.323
  76      1.241876   -0.005516   -10.574            1 12702.581
  77      1.240408   -0.001468   -10.429            1 12736.606
  78      1.238372   -0.002036   -10.434            1 12771.163
  79      1.235681   -0.002691   -10.616            1 12805.862
  80      1.232832   -0.002849   -10.844            1 12840.234
  81      1.230995   -0.001837   -10.805            1 12874.150
  82      1.229321   -0.001674   -10.722            1 12908.319
  83      1.227214   -0.002108   -10.756            1 12942.860
  84      1.224301   -0.002913   -11.010            1 12977.461
  85      1.220808   -0.003493   -11.426            1 13011.522
  86      1.219555   -0.001252   -11.241            1 13044.590
  87      1.218976   -0.000579   -10.871            1 13078.303
  88      1.216904   -0.002072   -10.903            1 13113.187
  89      1.213524   -0.003380   -11.295            1 13148.135
  90      1.211890   -0.001634   -11.215            1 13182.134
  91      1.209106   -0.002784   -11.451            1 13216.502
  92      1.207208   -0.001898   -11.448            1 13250.346
  93      1.203963   -0.003245   -11.818            1 13284.340
  94      1.201928   -0.002035   -11.860            1 13317.418
  95      1.201515   -0.000413   -11.454            1 13350.507
  96      1.198287   -0.003228   -11.825            1 13384.903
  97      1.196912   -0.001375   -11.687            1 13418.363
  98      1.194733   -0.002179   -11.771            1 13452.363
  99      1.192110   -0.002623   -11.983            1 13486.252
 100      1.189473   -0.002637   -12.202            1 13519.653
 101      1.187851   -0.001622   -12.142            1 13552.533
 102      1.186375   -0.001476   -12.040            1 13585.722
 103      1.185074   -0.001302   -11.888            1 13619.347
 104      1.182080   -0.002994   -12.212            1 13653.565
 105      1.179192   -0.002888   -12.514            1 13686.931
 106      1.177702   -0.001490   -12.424            1 13719.506
 107      1.174355   -0.003346   -12.862            1 13752.477
 108      1.172206   -0.002150   -12.967            1 13784.224
 109      1.170408   -0.001798   -12.974            1 13815.760
 110      1.168759   -0.001650   -12.940            1 13847.385
 111      1.167243   -0.001516   -12.867            1 13879.226
 112      1.165125   -0.002117   -12.967            1 13911.407
 113      1.164304   -0.000821   -12.697            1 13943.385
 114      1.162043   -0.002261   -12.838            1 13976.336
 115      1.159064   -0.002979   -13.190            1 14008.955
 116      1.157115   -0.001949   -13.250            1 14040.557
 117      1.155473   -0.001643   -13.223            1 14072.071
 118      1.153792   -0.001681   -13.208            1 14103.777
 119      1.152199   -0.001593   -13.168            1 14135.638
 120      1.151321   -0.000878   -12.919            1 14167.738
 121      1.148513   -0.002809   -13.232            1 14200.771
 122      1.146985   -0.001528   -13.175            1 14232.878
 123      1.145153   -0.001832   -13.207            1 14265.281
 124      1.143367   -0.001786   -13.228            1 14297.683
 125      1.143098   -0.000269   -12.802            1 14330.124
 126      1.140963   -0.002136   -12.922            1 14364.130
 127      1.138241   -0.002722   -13.217            1 14397.845
 128      1.135731   -0.002510   -13.456            1 14430.653
 129      1.134976   -0.000755   -13.178            1 14462.740
 130      1.133310   -0.001666   -13.168            1 14495.899
 131      1.130083   -0.003227   -13.623            1 14529.206
 132      1.127866   -0.002217   -13.786            1 14561.011
 133      1.126124   -0.001742   -13.810            1 14592.338
 134      1.124201   -0.001923   -13.889            1 14623.671
 135      1.123848   -0.000353   -13.499            1 14654.811
 136      1.121743   -0.002104   -13.630            1 14687.448
 137      1.120594   -0.001149   -13.476            1 14719.709
 138      1.117699   -0.002895   -13.848            1 14752.631
 139      1.115381   -0.002318   -14.052            1 14784.285
 140      1.114791   -0.000590   -13.737            1 14815.276
 141      1.112190   -0.002601   -14.028            1 14847.522
 142      1.109475   -0.002715   -14.359            1 14878.774
 143      1.108553   -0.000922   -14.150            1 14908.868
 144      1.106747   -0.001806   -14.208            1 14939.823
 145      1.104461   -0.002286   -14.415            1 14970.637
 146      1.103153   -0.001309   -14.326            1 15000.740
 147      1.100903   -0.002250   -14.526            1 15031.253
 148      1.099429   -0.001474   -14.491            1 15061.070
 149      1.098833   -0.000596   -14.186            1 15091.088
 150      1.095232   -0.003600   -14.803            1 15122.365
 151      1.093559   -0.001673   -14.836            1 15151.297
 152      1.091915   -0.001644   -14.861            1 15180.154
 153      1.090510   -0.001405   -14.814            1 15208.967
 154      1.088323   -0.002187   -15.009            1 15238.023
 155      1.087512   -0.000811   -14.780            1 15266.354
 156      1.086652   -0.000860   -14.563            1 15295.654
 157      1.083961   -0.002690   -14.914            1 15325.889
 158      1.083034   -0.000927   -14.721            1 15354.752
 159      1.081584   -0.001450   -14.689            1 15384.456
 160      1.080407   -0.001178   -14.571            1 15414.349
 161      1.079998   -0.000409   -14.211            1 15444.787
 162      1.077664   -0.002334   -14.452            1 15476.803
 163      1.076430   -0.001233   -14.350            1 15507.871
 164      1.075257   -0.001174   -14.228            1 15539.438
 165      1.071441   -0.003816   -14.941            1 15571.595
 166      1.069319   -0.002122   -15.130            1 15600.746
 167      1.068087   -0.001232   -15.041            1 15629.126
 168      1.067091   -0.000997   -14.876            1 15657.929
 169      1.066338   -0.000753   -14.631            1 15687.493
 170      1.064941   -0.001396   -14.587            1 15718.182
 171      1.064405   -0.000536   -14.270            1 15749.116
 172      1.061237   -0.003168   -14.789            1 15781.534
 173      1.059948   -0.001289   -14.716            1 15811.669
 174      1.058641   -0.001307   -14.648            1 15842.180
 175      1.057638   -0.001002   -14.482            1 15873.047
 176      1.056412   -0.001226   -14.385            1 15904.731
 177      1.053582   -0.002830   -14.806            1 15936.917
 178      1.050059   -0.003523   -15.458            1 15967.199
 179      1.048679   -0.001380   -15.428            1 15994.482
 180      1.046793   -0.001886   -15.563            1 16021.914
 181      1.045387   -0.001405   -15.544            1 16048.728
 182      1.044196   -0.001191   -15.456            1 16075.635
 183      1.043271   -0.000926   -15.281            1 16102.965
 184      1.041002   -0.002269   -15.542            1 16131.142
 185      1.040343   -0.000659   -15.282            1 16158.077
 186      1.038641   -0.001701   -15.359            1 16186.276
 187      1.037613   -0.001029   -15.217            1 16214.110
 188      1.036819   -0.000794   -14.997            1 16242.648
 189      1.034209   -0.002609   -15.370            1 16272.293
 190      1.033422   -0.000787   -15.151            1 16300.091
 191      1.031708   -0.001714   -15.234            1 16328.996
 192      1.029700   -0.002008   -15.416            1 16357.490
 193      1.028643   -0.001057   -15.287            1 16385.063
 194      1.027305   -0.001337   -15.250            1 16413.289
 195      1.025443   -0.001863   -15.387            1 16441.709
 196      1.024834   -0.000608   -15.111            1 16469.417
 197      1.023673   -0.001161   -15.014            1 16498.567
 198      1.021624   -0.002049   -15.212            1 16528.234
 199      1.021220   -0.000405   -14.865            1 16556.856
 200      1.020265   -0.000955   -14.697            1 16587.335
 201      1.017090   -0.003175   -15.269            1 16618.740
 202      1.015294   -0.001797   -15.390            1 16647.046
 203      1.014157   -0.001136   -15.293            1 16674.679
 204      1.013088   -0.001069   -15.172            1 16702.828
 205      1.012369   -0.000720   -14.931            1 16731.633
 206      1.008387   -0.003981   -15.787            1 16761.771
 207      1.006153   -0.002234   -16.068            1 16787.116
 208      1.005941   -0.000212   -15.672            1 16810.843
 209      1.003702   -0.002240   -15.955            1 16836.739
 210      1.002572   -0.001130   -15.868            1 16860.984
 211      1.001858   -0.000714   -15.639            1 16885.665
 212      1.001036   -0.000822   -15.443            1 16911.605
 213      0.999968   -0.001068   -15.328            1 16938.635
 214      0.997316   -0.002652   -15.751            1 16966.299
 215      0.994109   -0.003207   -16.372            1 16991.430
 216      0.993125   -0.000984   -16.245            1 17012.850
 217      0.992419   -0.000706   -16.021            1 17034.923
 218      0.991224   -0.001194   -15.961            1 17058.236
 219      0.990179   -0.001046   -15.849            1 17081.825
 220      0.988574   -0.001604   -15.928            1 17106.006
 221      0.986862   -0.001712   -16.046            1 17129.627
 222      0.985340   -0.001522   -16.101            1 17152.437
 223      0.984536   -0.000804   -15.911            1 17174.810
 224      0.983171   -0.001364   -15.910            1 17198.267
 225      0.981289   -0.001882   -16.089            1 17221.631
 226      0.980482   -0.000807   -15.901            1 17243.768
 227      0.979487   -0.000996   -15.774            1 17266.994
 228      0.977851   -0.001635   -15.868            1 17290.926
 229      0.976262   -0.001589   -15.948            1 17314.155
 230      0.974244   -0.002018   -16.178            1 17336.758
 231      0.972789   -0.001456   -16.218            1 17357.740
 232      0.970787   -0.002001   -16.449            1 17378.329
 233      0.970174   -0.000613   -16.201            1 17397.260
 234      0.966975   -0.003200   -16.851            1 17417.679
 235      0.966768   -0.000207   -16.469            1 17433.636
 236      0.965679   -0.001089   -16.388            1 17451.959
 237      0.965148   -0.000531   -16.112            1 17470.660
 238      0.964994   -0.000154   -15.699            1 17491.079
 239      0.963355   -0.001639   -15.799            1 17514.202
 240      0.961133   -0.002222   -16.106            1 17536.489
 241      0.959907   -0.001225   -16.070            1 17556.480
 242      0.959525   -0.000382   -15.737            1 17576.561
 243      0.957387   -0.002138   -16.016            1 17598.846
 244      0.954835   -0.002552   -16.447            1 17618.976
 245      0.953707   -0.001128   -16.384            1 17635.841
 246      0.951854   -0.001853   -16.576            1 17652.957
 247      0.951333   -0.000521   -16.302            1 17668.475
 248      0.948815   -0.002518   -16.729            1 17685.774
 249      0.948141   -0.000674   -16.512            1 17699.731
 250      0.947722   -0.000419   -16.201            1 17715.047
 251      0.946601   -0.001121   -16.133            1 17732.451
 252      0.945510   -0.001091   -16.055            1 17750.145
 253      0.944630   -0.000880   -15.900            1 17768.220
 254      0.942814   -0.001815   -16.076            1 17787.265
 255      0.941811   -0.001004   -15.966            1 17804.735
 256      0.939159   -0.002651   -16.442            1 17822.829
 257      0.938329   -0.000830   -16.278            1 17836.972
 258      0.937130   -0.001199   -16.243            1 17852.138
 259      0.935934   -0.001196   -16.207            1 17867.319
 260      0.934674   -0.001260   -16.193            1 17882.525
 261      0.933343   -0.001331   -16.205            1 17897.573
 262      0.932290   -0.001052   -16.118            1 17912.250
 263      0.930563   -0.001727   -16.272            1 17927.360
 264      0.928297   -0.002267   -16.622            1 17940.925
 265      0.927566   -0.000730   -16.428            1 17951.305
 266      0.925762   -0.001804   -16.616            1 17962.966
 267      0.923914   -0.001849   -16.825            1 17972.733
 268      0.923206   -0.000708   -16.627            1 17980.415
 269      0.921114   -0.002092   -16.924            1 17989.402
 270      0.920375   -0.000739   -16.740            1 17995.515
 271      0.918978   -0.001397   -16.790            1 18002.813
 272      0.918336   -0.000642   -16.569            1 18009.303
 273      0.917773   -0.000563   -16.316            1 18017.323
 274      0.916245   -0.001528   -16.407            1 18027.188
 275      0.913761   -0.002484   -16.844            1 18035.876
 276      0.912565   -0.001196   -16.826            1 18040.288
 277      0.910791   -0.001774   -17.016            1 18044.443
 278      0.910376   -0.000415   -16.719            1 18046.467
 279      0.908353   -0.002023   -16.997            1 18050.718
 280      0.907433   -0.000920   -16.883            1 18051.993
 281      0.906309   -0.001124   -16.841            1 18053.843
 282      0.905532   -0.000777   -16.673            1 18055.614
 283      0.904969   -0.000563   -16.424            1 18058.477
 284      0.904179   -0.000791   -16.254            1 18063.213
 285      0.901791   -0.002388   -16.659            1 18069.114
 286      0.901410   -0.000380   -16.345            1 18070.669
 287      0.900533   -0.000878   -16.205            1 18074.758
 288      0.898694   -0.001839   -16.412            1 18079.726
 289      0.896471   -0.002223   -16.762            1 18082.174
 290      0.896127   -0.000344   -16.438            1 18080.660
 291      0.895382   -0.000745   -16.253            1 18081.818
 292      0.893944   -0.001439   -16.317            1 18084.304
 293      0.892005   -0.001939   -16.564            1 18085.612
 294      0.891517   -0.000488   -16.290            1 18083.858
 295      0.890619   -0.000897   -16.159            1 18084.351
 296      0.889076   -0.001544   -16.261            1 18085.644
 297      0.886595   -0.002481   -16.705            1 18085.307
 298      0.885887   -0.000708   -16.514            1 18079.719
 299      0.883110   -0.002777   -17.072            1 18075.513
 300      0.882216   -0.000894   -16.956            1 18064.789
 301      0.881506   -0.000711   -16.771            1 18054.608
 302      0.880736   -0.000770   -16.605            1 18045.713
 303      0.879927   -0.000809   -16.450            1 18037.931
 304      0.877967   -0.001960   -16.711            1 18031.162
 305      0.875768   -0.002199   -17.064            1 18020.835
 306      0.874933   -0.000835   -16.928            1 18005.907
 307      0.873792   -0.001141   -16.901            1 17991.719
 308      0.873463   -0.000329   -16.578            1 17977.070
 309      0.871894   -0.001569   -16.700            1 17965.286
 310      0.871258   -0.000637   -16.487            1 17951.350
 311      0.870846   -0.000412   -16.187            1 17939.086
 312      0.868350   -0.002496   -16.638            1 17929.533
 313      0.866682   -0.001667   -16.798            1 17913.911
 314      0.865219   -0.001464   -16.887            1 17895.592
 315      0.862588   -0.002631   -17.401            1 17875.372
 316      0.862123   -0.000465   -17.140            1 17848.244
 317      0.860770   -0.001353   -17.196            1 17823.258
 318      0.860236   -0.000534   -16.956            1 17796.681
 319      0.857789   -0.002447   -17.404            1 17772.035
 320      0.857451   -0.000338   -17.098            1 17741.045
 321      0.856935   -0.000517   -16.851            1 17712.766
 322      0.854203   -0.002731   -17.398            1 17686.534
 323      0.853562   -0.000641   -17.203            1 17652.568
 324      0.853104   -0.000458   -16.938            1 17619.972
 325      0.851124   -0.001980   -17.215            1 17589.648
 326      0.850679   -0.000445   -16.946            1 17554.781
 327      0.850456   -0.000223   -16.592            1 17522.244
 328      0.847978   -0.002478   -17.041            1 17493.189
 329      0.847545   -0.000433   -16.765            1 17457.240
 330      0.846124   -0.001421   -16.838            1 17423.755
 331      0.844806   -0.001318   -16.876            1 17388.187
 332      0.844115   -0.000691   -16.690            1 17350.975
 333      0.842480   -0.001634   -16.837            1 17315.074
 334      0.841032   -0.001449   -16.921            1 17276.013
 335      0.840532   -0.000500   -16.669            1 17234.612
 336      0.839903   -0.000628   -16.457            1 17195.415
 337      0.837970   -0.001934   -16.705            1 17157.909
 338      0.835456   -0.002514   -17.164            1 17115.706
 339      0.833903   -0.001553   -17.290            1 17065.869
 340      0.833039   -0.000865   -17.175            1 17012.953
 341      0.832325   -0.000714   -17.005            1 16960.266
 342      0.831105   -0.001220   -17.010            1 16908.592
 343      0.830480   -0.000625   -16.806            1 16855.457
 344      0.828988   -0.001492   -16.902            1 16803.835
 345      0.828467   -0.000520   -16.659            1 16749.404
 346      0.827970   -0.000497   -16.403            1 16697.061
 347      0.826343   -0.001627   -16.538            1 16647.046
 348      0.824996   -0.001347   -16.577            1 16593.560
 349      0.823933   -0.001062   -16.517            1 16537.989
 350      0.820950   -0.002983   -17.124            1 16481.794
 351      0.820261   -0.000689   -16.946            1 16414.925
 352      0.818517   -0.001743   -17.129            1 16349.126
 353      0.817557   -0.000961   -17.045            1 16278.942
 354      0.815534   -0.002023   -17.325            1 16208.381
 355      0.814626   -0.000908   -17.227            1 16131.901
 356      0.813342   -0.001284   -17.255            1 16055.218
 357      0.812156   -0.001186   -17.250            1 15976.378
 358      0.811410   -0.000746   -17.094            1 15895.872
 359      0.810695   -0.000715   -16.925            1 15816.008
 360      0.809106   -0.001588   -17.048            1 15737.011
 361      0.809007   -0.000099   -16.670            1 15654.257
 362      0.806571   -0.002436   -17.072            1 15575.702
 363      0.806003   -0.000569   -16.853            1 15488.841
 364      0.804911   -0.001092   -16.805            1 15403.606
 365      0.803417   -0.001493   -16.890            1 15317.234
 366      0.802950   -0.000467   -16.634            1 15227.544
 367      0.800352   -0.002598   -17.080            1 15140.098
 368      0.800049   -0.000303   -16.775            1 15043.324
 369      0.798121   -0.001928   -16.999            1 14949.573
 370      0.796766   -0.001355   -17.038            1 14850.073
 371      0.796631   -0.000135   -16.678            1 14747.869
 372      0.795044   -0.001587   -16.784            1 14649.612
 373      0.793228   -0.001816   -16.965            1 14547.445
 374      0.792070   -0.001158   -16.936            1 14440.082
 375      0.791715   -0.000355   -16.648            1 14331.052
 376      0.790625   -0.001090   -16.590            1 14224.769
 377      0.790001   -0.000624   -16.381            1 14117.287
 378      0.788908   -0.001094   -16.316            1 14011.221
 379      0.788100   -0.000807   -16.160            1 13904.017
 380      0.787091   -0.001010   -16.063            1 13797.306
 381      0.785878   -0.001213   -16.027            1 13690.003
 382      0.783637   -0.002241   -16.311            1 13580.977
 383      0.782265   -0.001372   -16.328            1 13464.420
 384      0.780670   -0.001595   -16.414            1 13345.137
 385      0.780274   -0.000396   -16.132            1 13221.882
 386      0.778839   -0.001435   -16.161            1 13101.319
 387      0.776413   -0.002426   -16.491            1 12977.727
 388      0.774498   -0.001915   -16.670            1 12845.612
 389      0.772932   -0.001566   -16.746            1 12707.779
 390      0.772829   -0.000102   -16.385            1 12566.112
 391      0.770610   -0.002220   -16.645            1 12428.493
 392      0.769939   -0.000671   -16.451            1 12283.619
 393      0.768978   -0.000961   -16.338            1 12139.748
 394      0.768191   -0.000786   -16.171            1 11995.398
 395      0.766140   -0.002051   -16.364            1 11851.551
 396      0.764964   -0.001176   -16.308            1 11701.516
 397      0.763930   -0.001034   -16.209            1 11549.921
 398      0.762963   -0.000966   -16.088            1 11397.547
 399      0.761949   -0.001014   -15.977            1 11244.796
 400      0.760494   -0.001455   -15.985            1 11091.468
 401      0.758867   -0.001627   -16.038            1 10935.314
 402      0.758665   -0.000202   -15.701            1 10775.490
 403      0.756659   -0.002005   -15.845            1 10619.347
 404      0.755420   -0.001239   -15.784            1 10457.727
 405      0.754082   -0.001338   -15.746            1 10294.570
 406      0.753154   -0.000928   -15.597            1 10129.429
 407      0.751804   -0.001349   -15.554            1  9964.401
 408      0.750757   -0.001047   -15.429            1  9797.464
 409      0.749219   -0.001538   -15.427            1  9630.161
 410      0.748199   -0.001020   -15.290            1  9460.164
 411      0.746067   -0.002132   -15.427            1  9290.045
 412      0.744866   -0.001201   -15.332            1  9114.577
 413      0.744450   -0.000416   -15.042            1  8938.234
 414      0.741501   -0.002950   -15.358            1  8764.753
 415      0.740810   -0.000691   -15.133            1  8582.575
 416      0.739055   -0.001755   -15.155            1  8402.029
 417      0.737057   -0.001998   -15.230            1  8218.488
 418      0.736491   -0.000566   -14.971            1  8031.058
 419      0.735873   -0.000618   -14.719            1  7845.950
 420      0.734284   -0.001590   -14.679            1  7663.037
 421      0.732668   -0.001616   -14.640            1  7478.325
 422      0.732200   -0.000468   -14.347            1  7291.846
 423      0.730976   -0.001224   -14.210            1  7108.378
 424      0.729171   -0.001805   -14.189            1  6924.960
 425      0.726232   -0.002939   -14.400            1  6739.407
 426      0.725514   -0.000718   -14.151            1  6547.632
 427      0.724507   -0.001007   -13.955            1  6358.161
 428      0.722186   -0.002321   -14.012            1  6170.035
 429      0.720592   -0.001594   -13.922            1  5978.701
 430      0.720393   -0.000199   -13.560            1  5786.947
 431      0.717410   -0.002983   -13.711            1  5599.641
 432      0.716782   -0.000628   -13.424            1  5407.663
 433      0.715618   -0.001164   -13.227            1  5218.871
 434      0.715295   -0.000322   -12.875            1  5031.685
 435      0.713416   -0.001879   -12.782            1  4848.845
 436      0.712085   -0.001331   -12.590            1  4665.685
 437      0.709442   -0.002642   -12.604            1  4484.053
 438      0.708243   -0.001199   -12.379            1  4300.401
 439      0.706313   -0.001930   -12.259            1  4119.033
 440      0.704831   -0.001481   -12.062            1  3938.177
 441      0.702465   -0.002366   -11.986            1  3759.236
 442      0.701681   -0.000784   -11.672            1  3580.264
 443      0.698820   -0.002861   -11.639            1  3405.291
 444      0.696145   -0.002675   -11.569            1  3229.755
 445      0.694443   -0.001702   -11.358            1  3054.563
 446      0.692110   -0.002333   -11.216            1  2882.070
 447      0.691539   -0.000571   -10.846            1  2711.356
 448      0.689789   -0.001750   -10.605            1  2545.888
 449      0.689126   -0.000663   -10.227            1  2383.723
 450      0.684933   -0.004193   -10.224            1  2226.899
 451      0.684461   -0.000472    -9.812            1  2070.013
 452      0.683267   -0.001194    -9.461            1  1919.120
 453      0.680673   -0.002595    -9.230            1  1773.297
 454      0.677562   -0.003111    -9.028            1  1630.846
 455      0.677365   -0.000197    -8.555            1  1491.538
 456      0.674744   -0.002621    -8.266            1  1359.157
 457      0.673240   -0.001504    -7.870            1  1231.076
 458      0.671015   -0.002225    -7.508            1  1108.809
 459      0.670240   -0.000775    -7.024            1   991.860
 460      0.669015   -0.001225    -6.548            1   881.893
 461      0.666135   -0.002880    -6.144     0.999999   778.695
 462      0.665457   -0.000679    -5.588     0.999978   681.055
 463      0.661470   -0.003986    -5.165     0.999858   591.307
 464      0.657626   -0.003844        NA           NA        NA
 465      0.651796   -0.005830        NA           NA        NA
 466      0.648988   -0.002808        NA           NA        NA
 467      0.645410   -0.003577        NA           NA        NA
 468      0.640384   -0.005026        NA           NA        NA
 469      0.638206   -0.002178        NA           NA        NA
 470      0.573692   -0.064514        NA           NA        NA
 471      0.439670   -0.134023        NA           NA        NA
 472      0.429636   -0.010034        NA           NA        NA
    kurtosis           snps    indivs
 eigenvector    1     3.806     7.978
 eigenvector    2    31.439     4.654
 eigenvector    3    21.830     3.836
 eigenvector    4     9.756     2.870
 eigenvector    5    13.348     3.470
 eigenvector    6    10.338     3.503
 eigenvector    7     5.253     4.116
 eigenvector    8     6.352     3.050
 eigenvector    9     5.554     3.738
 eigenvector   10     3.761     2.767
population:   0                  CBC  231
population:   1                  UBC  242

## Average divergence between populations:
                  CBC        UBC     popsize
       CBC      0.999      1.000         231
       UBC      1.000      1.001         242


number of blocks for moving block jackknife: 508
fst *1000:
          C     U 
   C      0     0
   U      0     0

s.dev * 1000000:
          C     U 
   C      0    27
   U     27     0

eigenvector 1:means
                 UBC     -0.002
                 CBC      0.002
## Anova statistics for population differences along each eigenvector:
                                              p-value
                  eigenvector_1_CBC_UBC_      0.273308 
eigenvector 2:means
                 CBC     -0.000
                 UBC      0.000
                  eigenvector_2_CBC_UBC_       0.94578 
eigenvector 3:means
                 CBC     -0.003
                 UBC      0.003
                  eigenvector_3_CBC_UBC_      0.167118 
eigenvector 4:means
                 CBC     -0.003
                 UBC      0.003
                  eigenvector_4_CBC_UBC_        0.1835 
eigenvector 5:means
                 UBC     -0.001
                 CBC      0.001
                  eigenvector_5_CBC_UBC_      0.705861 
eigenvector 6:means
                 CBC     -0.002
                 UBC      0.002
                  eigenvector_6_CBC_UBC_      0.402151 
eigenvector 7:means
                 UBC     -0.005
                 CBC      0.005
                  eigenvector_7_CBC_UBC_     0.0264109 
eigenvector 8:means
                 CBC     -0.002
                 UBC      0.001
                  eigenvector_8_CBC_UBC_      0.472112 
eigenvector 9:means
                 UBC     -0.001
                 CBC      0.001
                  eigenvector_9_CBC_UBC_      0.505097 
eigenvector 10:means
                 UBC     -0.001
                 CBC      0.001
                 eigenvector_10_CBC_UBC_      0.688735 

## Statistical significance of differences beween populations:
                                pop1                  pop2      chisq          p-value   |pop1|   |pop2|
popdifference:                   CBC                   UBC        11.840      0.295918     231     242

eigbestsnp    1         Var000046149  2    135911422     7.157
eigbestsnp    1         Var000046342  2    136740900     7.041
eigbestsnp    1         Var000046210  2    136407479     6.843
eigbestsnp    1         Var000046304  2    136594158     6.661
eigbestsnp    1         Var000046287  2    136569848     6.519
eigbestsnp    1         Var000046256  2    136558157     6.457
eigbestsnp    1         Var000046293  2    136575199     6.381
eigbestsnp    1         Var000046240  2    136546110     6.254
eigbestsnp    1         Var000046253  2    136555659     6.176
eigbestsnp    1         Var000046088  2    135711657     5.941
eigbestsnp    2         Var000190768 11     55371132    12.081
eigbestsnp    2         Var000190789 11     55406524    11.938
eigbestsnp    2         Var000190795 11     55418963    11.402
eigbestsnp    2         Var000190745 11     55339704    11.230
eigbestsnp    2         Var000190747 11     55339740    11.226
eigbestsnp    2         Var000190746 11     55339712    11.208
eigbestsnp    2         Var000190841 11     55587212    11.174
eigbestsnp    2         Var000190730 11     55322606    11.084
eigbestsnp    2         Var000190829 11     55563846    11.039
eigbestsnp    2         Var000190724 11     55322422    11.027
eigbestsnp    3         Var000111980  6     31085356    10.035
eigbestsnp    3         Var000112258  6     31498244    10.019
eigbestsnp    3         Var000112290  6     31514247     9.893
eigbestsnp    3         Var000111797  6     30920124     9.743
eigbestsnp    3         Var000111787  6     30919391     9.737
eigbestsnp    3         Var000112173  6     31323500     9.711
eigbestsnp    3         Var000112174  6     31323506     9.709
eigbestsnp    3         Var000112623  6     31745464     9.651
eigbestsnp    3         Var000111534  6     30652781     9.627
eigbestsnp    3         Var000111643  6     30782002     9.611
eigbestsnp    4         Var000112359  6     31594628    10.147
eigbestsnp    4         Var000112098  6     31236853     9.929
eigbestsnp    4         Var000113032  6     32119898     9.833
eigbestsnp    4         Var000113077  6     32151994     9.616
eigbestsnp    4         Var000112278  6     31506854     9.523
eigbestsnp    4         Var000112270  6     31506624     9.476
eigbestsnp    4         Var000112274  6     31506744     9.476
eigbestsnp    4         Var000112252  6     31496925     9.448
eigbestsnp    4         Var000113315  6     32410987     9.415
eigbestsnp    4         Var000113111  6     32172065     9.361
eigbestsnp    5         Var000278554 17     44061023    10.934
eigbestsnp    5         Var000278492 17     43910507    10.875
eigbestsnp    5         Var000278590 17     44111613    10.868
eigbestsnp    5         Var000278537 17     44039691    10.868
eigbestsnp    5         Var000278563 17     44067400    10.860
eigbestsnp    5         Var000278567 17     44068924    10.857
eigbestsnp    5         Var000278527 17     43924073    10.846
eigbestsnp    5         Var000278556 17     44061036    10.846
eigbestsnp    5         Var000278520 17     43923703    10.835
eigbestsnp    5         Var000278518 17     43923654    10.830
eigbestsnp    6         Var000296367 19      9077436     8.945
eigbestsnp    6         Var000296356 19      9076858     8.891
eigbestsnp    6         Var000296359 19      9076991     8.859
eigbestsnp    6         Var000296357 19      9076929     8.819
eigbestsnp    6         Var000296361 19      9077060     8.809
eigbestsnp    6         Var000296330 19      9074950     8.803
eigbestsnp    6         Var000296344 19      9075635     8.791
eigbestsnp    6         Var000296358 19      9076950     8.790
eigbestsnp    6         Var000296353 19      9076728     8.784
eigbestsnp    6         Var000296342 19      9075584     8.781
eigbestsnp    7         Var000113859  6     33053982     7.185
eigbestsnp    7         Var000113857  6     33053968     7.168
eigbestsnp    7         Var000113858  6     33053971     7.168
eigbestsnp    7         Var000113863  6     33054057     7.166
eigbestsnp    7         Var000113862  6     33054046     7.097
eigbestsnp    7         Var000113846  6     33052950     7.035
eigbestsnp    7         Var000113876  6     33054355     6.973
eigbestsnp    7         Var000113847  6     33052958     6.966
eigbestsnp    7         Var000113875  6     33054353     6.915
eigbestsnp    7         Var000113864  6     33054227     6.897
eigbestsnp    8         Var000296184 19      9061559     8.448
eigbestsnp    8         Var000296171 19      9060541     8.431
eigbestsnp    8         Var000296428 19      9086318     7.883
eigbestsnp    8         Var000296446 19      9088330     7.868
eigbestsnp    8         Var000296388 19      9083457     7.843
eigbestsnp    8         Var000296172 19      9060572     7.831
eigbestsnp    8         Var000296410 19      9085004     7.815
eigbestsnp    8         Var000296433 19      9086819     7.809
eigbestsnp    8         Var000296440 19      9087758     7.809
eigbestsnp    8         Var000296453 19      9088772     7.806
eigbestsnp    9         Var000267100 16     89809171     7.829
eigbestsnp    9         Var000267121 16     89816314     7.829
eigbestsnp    9         Var000267122 16     89816333     7.829
eigbestsnp    9         Var000267130 16     89828437     7.829
eigbestsnp    9         Var000267143 16     89831520     7.829
eigbestsnp    9         Var000267132 16     89828484     7.822
eigbestsnp    9         Var000267160 16     89839766     7.821
eigbestsnp    9         Var000267123 16     89816367     7.815
eigbestsnp    9         Var000267135 16     89829196     7.811
eigbestsnp    9         Var000267110 16     89813194     7.807
eigbestsnp   10         Var000243733 15     43895643     5.477
eigbestsnp   10         Var000243732 15     43895642     5.444
eigbestsnp   10         Var000243689 15     43818052     5.280
eigbestsnp   10         Var000243650 15     43762196     5.197
eigbestsnp   10         Var000243574 15     43635136     5.196
eigbestsnp   10         Var000243751 15     44043793     5.122
eigbestsnp   10         Var000243744 15     43939642     5.084
eigbestsnp   10         Var000243656 15     43784475     5.067
eigbestsnp   10         Var000093577  5     13820656     5.044
eigbestsnp   10         Var000243795 15     44102010     4.959
eigenstrat output
##end of smartpca run
