This is pdfTeXk, Version 3.141592-1.40.3 (Web2C 7.5.6)
 %&-line parsing enabled.
entering extended mode
(./summary.tex
LaTeX2e <2005/12/01>
Babel <v3.8h> and hyphenation patterns for english, usenglishmax, dumylang, noh
yphenation, arabic, basque, bulgarian, coptic, welsh, czech, slovak, german, ng
erman, danish, esperanto, spanish, catalan, galician, estonian, farsi, finnish,
 french, greek, monogreek, ancientgreek, croatian, hungarian, interlingua, ibyc
us, indonesian, icelandic, italian, latin, mongolian, dutch, norsk, polish, por
tuguese, pinyin, romanian, russian, slovenian, uppersorbian, serbian, swedish, 
turkish, ukenglish, ukrainian, loaded.

(/usr/share/texmf/tex/latex/memoir/memoir.cls
Document Class: memoir 2005/09/25 v1.618 configurable document class
(/usr/share/texmf/tex/latex/memoir/mem17.clo)
(/usr/share/texmf/tex/latex/memoir/mempatch.sty))

******************************************************
Stock height and width: 540.60236pt by 722.69981pt
Top and edge trims: 0.0pt and 0.0pt
Page height and width: 540.60236pt by 722.69981pt
Text height and width: 455.24411pt by 665.0pt
Spine and edge margins: 28.45274pt and 28.45274pt
Upper and lower margins: 42.67912pt and 42.67912pt
Headheight and headsep: 2.84526pt and 2.84526pt
Footskip: 28.45274pt
Columnsep and columnseprule: 10.0pt and 0.0pt
Marginparsep and marginparwidth: 2.84526pt and 2.84526pt
Sidecapsep and sidecapwidth: 7.0pt and 51.0pt
Sidebarhsep and sidebarwidth: 7.0pt and 51.0pt
Sidebarvsep and sidebartopsep: 22.0pt and 0.0pt
Sidebarheight: 543.39993pt
******************************************************

(/usr/share/texmf/tex/latex/psnfss/charter.sty)
(/usr/share/texmf/tex/latex/graphics/graphicx.sty
(/usr/share/texmf/tex/latex/graphics/keyval.sty)
(/usr/share/texmf/tex/latex/graphics/graphics.sty
(/usr/share/texmf/tex/latex/graphics/trig.sty)
(/usr/share/texmf/tex/latex/config/graphics.cfg)
(/usr/share/texmf/tex/latex/pdftex-def/pdftex.def)))
(/usr/share/texmf/tex/latex/multirow/multirow.sty)
(/usr/share/texmf/tex/latex/xcolor/xcolor.sty
(/usr/share/texmf/tex/latex/config/color.cfg)
(/usr/share/texmf/tex/latex/colortbl/colortbl.sty))
No file summary.aux.
(/usr/share/texmf/tex/latex/psnfss/ot1bch.fd)
Overfull \vbox (19.15474pt too high) has occurred while \output is active
[1{/usr/share/texmf/fonts/map/pdftex/updmap/pdftex.map}]
<counts_by_af.snps.pdf, id=8, 625.96065pt x 199.1693pt>
<use counts_by_af.snps.pdf>
<counts_by_af.indels.pdf, id=9, 625.96065pt x 199.1693pt>
<use counts_by_af.indels.pdf>
Overfull \vbox (19.15474pt too high) has occurred while \output is active
[2 <./counts_by_af.snps.pdf

pdfTeX warning: pdflatex (file ./counts_by_af.snps.pdf): PDF inclusion: Page Gr
oup detected which pdfTeX can't handle. Ignoring it.
> <./counts_by_af.indels.pdf

pdfTeX warning: pdflatex (file ./counts_by_af.indels.pdf): PDF inclusion: Page 
Group detected which pdfTeX can't handle. Ignoring it.
>] <tstv_by_af.0.pdf, id=93, 312.98033pt x 284.52756pt> <use tstv_by_af.0.pdf>
Overfull \vbox (19.15474pt too high) has occurred while \output is active
[3 <./tstv_by_af.0.pdf

pdfTeX warning: pdflatex (file ./tstv_by_af.0.pdf): PDF inclusion: Page Group d
etected which pdfTeX can't handle. Ignoring it.
>] <tstv_by_qual.0.pdf, id=137, 312.98033pt x 284.52756pt>
<use tstv_by_qual.0.pdf>
Overfull \vbox (19.15474pt too high) has occurred while \output is active
[4 <./tstv_by_qual.0.pdf

pdfTeX warning: pdflatex (file ./tstv_by_qual.0.pdf): PDF inclusion: Page Group
 detected which pdfTeX can't handle. Ignoring it.
>] <indels.0.pdf, id=187, 312.98033pt x 284.52756pt> <use indels.0.pdf>
Overfull \vbox (19.15474pt too high) has occurred while \output is active
[5 <./indels.0.pdf

pdfTeX warning: pdflatex (file ./indels.0.pdf): PDF inclusion: Page Group detec
ted which pdfTeX can't handle. Ignoring it.
>] <depth.0.pdf, id=221, 312.98033pt x 284.52756pt> <use depth.0.pdf>
Overfull \vbox (19.15474pt too high) has occurred while \output is active
[6 <./depth.0.pdf

pdfTeX warning: pdflatex (file ./depth.0.pdf): PDF inclusion: Page Group detect
ed which pdfTeX can't handle. Ignoring it.
>] <substitutions.0.pdf, id=269, 312.98033pt x 284.52756pt>
<use substitutions.0.pdf>
Overfull \vbox (19.15474pt too high) has occurred while \output is active
[7 <./substitutions.0.pdf

pdfTeX warning: pdflatex (file ./substitutions.0.pdf): PDF inclusion: Page Grou
p detected which pdfTeX can't handle. Ignoring it.
>] (./summary.aux) )
(see the transcript file for additional information){/usr/share/texmf/fonts/enc
/dvips/base/8r.enc}</usr/share/texmf/fonts/type1/bitstrea/charter/bchr8a.pfb></
usr/share/texmf/fonts/type1/bluesky/cm/cmsy10.pfb></usr/share/texmf/fonts/type1
/bluesky/cm/cmtt12.pfb>
Output written on summary.pdf (7 pages, 128644 bytes).
Transcript written on summary.log.
