Job name: filter_wecare_nfe_kgen50
Allocated node: sand-1-31
Initial working folder:
/scratch/medgen/scripts/wecare_stat_01.17/scripts

 ------------------ Output ------------------ 

Filter wecare-NFE-kgen50: keep only variants present in both datasets (wecare-NFE and kgen50)
Started s02_filter_wecare_nfe_kgen50.sh: 31Jan2017_21:59:29

Tools and resources:
java: /scratch/medgen/tools/java/jre1.8.0_40/bin/java
gatk: /scratch/medgen/tools/gatk/gatk-3.7-0/GenomeAnalysisTK.jar
ref_genome: /scratch/medgen/resources/gatk_bundle/b37/decompressed/human_g1k_v37.fasta

Files and folders:
working_folder: /scratch/medgen/scripts/wecare_stat_01.17/scripts
data_folder: /scratch/medgen/scripts/wecare_stat_01.17/interim_data

wecare_nfe_kgen50_raw_vcf: /scratch/medgen/scripts/wecare_stat_01.17/interim_data/wecare_nfe_kgen50.vcf
wecare_nfe_kgen50_filt_vcf: /scratch/medgen/scripts/wecare_stat_01.17/interim_data/wecare_nfe_kgen50_filt.vcf
filtering_log: /scratch/medgen/scripts/wecare_stat_01.17/scripts/s02_filtering.log

Started filtering vcf
Completed filtering vcf: 31Jan2017_22:05:23

Num of source variants:
18677505

Num of filtered variants:
103045

Done all tasks

