INFO  22:24:55,034 HelpFormatter - ---------------------------------------------------------------------------------- 
INFO  22:24:55,036 HelpFormatter - The Genome Analysis Toolkit (GATK) v3.7-0-gcfedb67, Compiled 2016/12/12 11:21:18 
INFO  22:24:55,036 HelpFormatter - Copyright (c) 2010-2016 The Broad Institute 
INFO  22:24:55,037 HelpFormatter - For support and documentation go to https://software.broadinstitute.org/gatk 
INFO  22:24:55,037 HelpFormatter - [Tue Jan 31 22:24:55 GMT 2017] Executing on Linux 2.6.32-573.38.1.el6.x86_64 amd64 
INFO  22:24:55,037 HelpFormatter - Java HotSpot(TM) 64-Bit Server VM 1.8.0_40-b26 
INFO  22:24:55,040 HelpFormatter - Program Args: -T VariantsToTable -R /scratch/medgen/resources/gatk_bundle/b37/decompressed/human_g1k_v37.fasta -V /scratch/medgen/scripts/wecare_stat_01.17/interim_data/wecare_nfe_kgen50_filt.vcf -o /scratch/medgen/scripts/wecare_stat_01.17/interim_data/wecare_nfe_kgen50_filt_gt.txt -F CHROM -F POS -F kgenVarID -F SplitVarID -GF GT -AMD 
INFO  22:24:55,044 HelpFormatter - Executing as al720@sand-3-17 on Linux 2.6.32-573.38.1.el6.x86_64 amd64; Java HotSpot(TM) 64-Bit Server VM 1.8.0_40-b26. 
INFO  22:24:55,045 HelpFormatter - Date/Time: 2017/01/31 22:24:55 
INFO  22:24:55,045 HelpFormatter - ---------------------------------------------------------------------------------- 
INFO  22:24:55,045 HelpFormatter - ---------------------------------------------------------------------------------- 
INFO  22:24:55,056 GenomeAnalysisEngine - Strictness is SILENT 
INFO  22:24:55,138 GenomeAnalysisEngine - Downsampling Settings: Method: BY_SAMPLE, Target Coverage: 1000 
INFO  22:24:55,317 GenomeAnalysisEngine - Preparing for traversal 
INFO  22:24:55,322 GenomeAnalysisEngine - Done preparing for traversal 
INFO  22:24:55,322 ProgressMeter - [INITIALIZATION COMPLETE; STARTING PROCESSING] 
INFO  22:24:55,322 ProgressMeter -                 | processed |    time |    per 1M |           |   total | remaining 
INFO  22:24:55,323 ProgressMeter -        Location |     sites | elapsed |     sites | completed | runtime |   runtime 
INFO  22:25:25,325 ProgressMeter -     4:186064502     29540.0    30.0 s      16.9 m       28.3%   106.0 s      76.0 s 
INFO  22:25:55,326 ProgressMeter -      11:2016619     60801.0    60.0 s      16.4 m       58.6%   102.0 s      42.0 s 
INFO  22:26:25,327 ProgressMeter -     17:61021611     92198.0    90.0 s      16.3 m       82.6%   108.0 s      18.0 s 
INFO  22:26:42,818 ProgressMeter -            done    110891.0   107.0 s      16.2 m       92.9%   115.0 s       8.0 s 
INFO  22:26:42,819 ProgressMeter - Total runtime 107.50 secs, 1.79 min, 0.03 hours 
------------------------------------------------------------------------------------------
Done. There were no warn messages.
------------------------------------------------------------------------------------------
