INFO  22:24:31,742 HelpFormatter - ---------------------------------------------------------------------------------- 
INFO  22:24:31,744 HelpFormatter - The Genome Analysis Toolkit (GATK) v3.7-0-gcfedb67, Compiled 2016/12/12 11:21:18 
INFO  22:24:31,744 HelpFormatter - Copyright (c) 2010-2016 The Broad Institute 
INFO  22:24:31,744 HelpFormatter - For support and documentation go to https://software.broadinstitute.org/gatk 
INFO  22:24:31,745 HelpFormatter - [Tue Jan 31 22:24:31 GMT 2017] Executing on Linux 2.6.32-573.38.1.el6.x86_64 amd64 
INFO  22:24:31,745 HelpFormatter - Java HotSpot(TM) 64-Bit Server VM 1.8.0_40-b26 
INFO  22:24:31,748 HelpFormatter - Program Args: -T VariantsToTable -R /scratch/medgen/resources/gatk_bundle/b37/decompressed/human_g1k_v37.fasta -V /scratch/medgen/scripts/wecare_stat_01.17/interim_data/wecare_nfe_kgen50_filt.vcf -o /scratch/medgen/scripts/wecare_stat_01.17/interim_data/wecare_nfe_kgen50_filt_vcf.txt -F CHROM -F POS -F ID -F REF -F ALT -F QUAL -F FILTER -F kgenVarID -F SplitVarID -F AF -F AC -F AN -AMD 
INFO  22:24:31,753 HelpFormatter - Executing as al720@sand-3-17 on Linux 2.6.32-573.38.1.el6.x86_64 amd64; Java HotSpot(TM) 64-Bit Server VM 1.8.0_40-b26. 
INFO  22:24:31,753 HelpFormatter - Date/Time: 2017/01/31 22:24:31 
INFO  22:24:31,753 HelpFormatter - ---------------------------------------------------------------------------------- 
INFO  22:24:31,753 HelpFormatter - ---------------------------------------------------------------------------------- 
INFO  22:24:31,766 GenomeAnalysisEngine - Strictness is SILENT 
INFO  22:24:31,848 GenomeAnalysisEngine - Downsampling Settings: Method: BY_SAMPLE, Target Coverage: 1000 
INFO  22:24:32,030 GenomeAnalysisEngine - Preparing for traversal 
INFO  22:24:32,034 GenomeAnalysisEngine - Done preparing for traversal 
INFO  22:24:32,034 ProgressMeter - [INITIALIZATION COMPLETE; STARTING PROCESSING] 
INFO  22:24:32,035 ProgressMeter -                 | processed |    time |    per 1M |           |   total | remaining 
INFO  22:24:32,035 ProgressMeter -        Location |     sites | elapsed |     sites | completed | runtime |   runtime 
INFO  22:24:53,280 ProgressMeter -            done    110891.0    21.0 s       3.2 m       92.9%    22.0 s       1.0 s 
INFO  22:24:53,281 ProgressMeter - Total runtime 21.25 secs, 0.35 min, 0.01 hours 
------------------------------------------------------------------------------------------
Done. There were no warn messages.
------------------------------------------------------------------------------------------
