Job name: smartpca
Allocated node: sand-1-31
Initial working folder:
/scratch/medgen/scripts/wecare_stat_01.17/scripts

 ------------------ Output ------------------ 

Run smartpca and make PCA plots using EIGENSRAT package

Started u01_run_smartpca.sh: 30Jan2017_17:49:36

Files and folders
parameters_file: u01_wecare_only_480_226k_eigenstrat_3ev_outliers.par
populations_to_plot: UBC:CBC

analysis: u01_wecare_only_480_226k_eigenstrat_3ev_outliers
working_folder: /scratch/medgen/scripts/wecare_stat_01.17/scripts
data_folder: /scratch/medgen/scripts/wecare_stat_01.17/interim_data
output_folder: /scratch/medgen/scripts/wecare_stat_01.17/interim_data/u01_wecare_only_480_226k_eigenstrat_3ev_outliers
 
evec_file: /scratch/medgen/scripts/wecare_stat_01.17/interim_data/u01_wecare_only_480_226k_eigenstrat_3ev_outliers/u01_wecare_only_480_226k_eigenstrat_3ev_outliers.evec
smartpca_log: /scratch/medgen/scripts/wecare_stat_01.17/interim_data/u01_wecare_only_480_226k_eigenstrat_3ev_outliers/u01_wecare_only_480_226k_eigenstrat_3ev_outliers.log
gnuplot_file: /scratch/medgen/scripts/wecare_stat_01.17/interim_data/u01_wecare_only_480_226k_eigenstrat_3ev_outliers/u01_wecare_only_480_226k_eigenstrat_3ev_outliers.xtxt

Parameters file:
genotypename: /scratch/medgen/scripts/wecare_stat_01.17/interim_data/wecare_only_480_226k.geno
snpname: /scratch/medgen/scripts/wecare_stat_01.17/interim_data/wecare_only_480_226k.snp
indivname: /scratch/medgen/scripts/wecare_stat_01.17/interim_data/wecare_only_480_226k.ind
evecoutname: /scratch/medgen/scripts/wecare_stat_01.17/interim_data/u01_wecare_only_480_226k_eigenstrat_3ev_outliers/u01_wecare_only_480_226k_eigenstrat_3ev_outliers.evec
evaloutname: /scratch/medgen/scripts/wecare_stat_01.17/interim_data/u01_wecare_only_480_226k_eigenstrat_3ev_outliers/u01_wecare_only_480_226k_eigenstrat_3ev_outliers.eval
genotypeoutname: /scratch/medgen/scripts/wecare_stat_01.17/interim_data/u01_wecare_only_480_226k_eigenstrat_3ev_outliers/u01_wecare_only_480_226k_eigenstrat_3ev_outliers.geno
snpoutname: /scratch/medgen/scripts/wecare_stat_01.17/interim_data/u01_wecare_only_480_226k_eigenstrat_3ev_outliers/u01_wecare_only_480_226k_eigenstrat_3ev_outliers.snp
indivoutname: /scratch/medgen/scripts/wecare_stat_01.17/interim_data/u01_wecare_only_480_226k_eigenstrat_3ev_outliers/u01_wecare_only_480_226k_eigenstrat_3ev_outliers.ind
outlieroutname: /scratch/medgen/scripts/wecare_stat_01.17/interim_data/u01_wecare_only_480_226k_eigenstrat_3ev_outliers/u01_wecare_only_480_226k_eigenstrat_3ev_outliers.outliers
outputformat: EIGENSTRAT
altnormstyle: NO
numoutlierevec: 3

## number of fields: 12
UBC:CBC
Completed: 30Jan2017_17:51:52

